[   0.000000] Initializing cgroup subsys cpuset
[    0.00000] nitialzig cgrup subsys cp
    0.000000] Initalzing cgroup subsys cpuacct
[    0.000000] Linux version 4.4.0-119-gneic (buildd@lcy01-md64-013) (gcc version 5.4.0 20160609 (UUbunt 5.4.0-6ubutu1~16.4.9) ) #143-Ubuntu SMP Mon Apr 2 16:0:24 UTC 2018 (Ubuntu 4.4.0-119.143-generic 4.4.114)
[    0.000000] Command line: BOOT_IMAGE=/boot/vmlinuz-4.4.0-119-generic root=LABEL=cloudimg-roots o conlety1 console=ttyS0
[    0.00000] KERNEL supported cpus:
[   0.000000   Intel GenuineIntl[    0.000000]   AMD AuthenticAMD
[    0.000000]   Centaur CentaurHauls
[    0.0000] x86/fpu: xstate_offset[2]:  576, xstate_sizes[2]:  256
[    0.000000] x6/fpu: Supporting XSAVE feature 0x01: 'x87 floating point registers'
[    0.000000] x86/fpu: Supporting XSAVE feature 0x02: 'SSE registers'
[    0.000000] x86/fpu: SupportinXSAVE feature 0x04: 'AVX registers'
[    0.000000] x86/fpu: Enabled xstatefeatures 0x7, context size is 32 btes, usin 'standard' format.
[    0.000000] x86/fp: Using'lazy' FU ontext switches.
[    0.0000] e820: BIOS-provded physca RAM map:
[   .000000] BIOS-e820: mem 0x0000000000000000-0x000000000009fbff] usable
[    0.000000] BIOS-e820: [mem 0x000000000009fc00-0x000000000009ffff] rseve
[    0.000000] BIOS-e820: [mem 0x0000000000f0000-0x00000000000fffff] reserved
[    0.000000] BIOS-e820: [mem 0x0000000000100000-0x000000007ffeffff] usable
[    0.000000] BIOS-e820: [mem 0x000000007fff0000-0x000000007fffffff] ACPI data
[    0.000000] BIOS-e820: [mem 0x00000000fec00000-0x00000000fec00fff] reserved
[    0.000000] BIOS-e820: [m 0x00000000fee00000-0x00000000fee00fff] reserved
[    0.000000] BIOS-e820: [mem 0x00000000fffc0000-0x00000000ffffffff] reserved
[    0.000000] NX (Execute Disable) protection: active
[    0.000000] SMBIOS 2.5 present.
[    0.000000] Hypervisor deected: KVM
[   0000000] e820: last_pfn = 0x7fff0 max_arch_pfn = 0x400000000
[    0.00000] MR: Disabled
[    0.000000] x86/PAT: MTRRs disabled, skipping PAT initialization too.
[    0.00000] CPU MTRRs all blank- virtualized system.
[   0.000000] x86/PAT: Configuration [0-7]: WB  WT  UC- UC  WB  WT  UC- UC  
[    0.000000] found SMP MP-table at [mem 0x0009fff0-0x0009fff] mapped at [ffff88000009fff0]
[    0.000000] Scanning 1 areas for low memory corruption
[    0.000000] RAMDISK: [mem 0x36ae4000-0x37569fff]
[    0.000000] ACPI: Early tabe checksum  verification disabled
[    0.000000] ACPI: RDP 0x00000000000E0000 000024 (v02 VBOX  )
[    0.000000] ACPI: XSDT 0x000000007FFF0030 00003C (v01 VBOX   VBOXXSDT 00000001 ASL  00000061)
[    0.000000] ACPI: FACP 0x000000007FFF00F0 0000F4 (v04 VBOX   VBOXFACP 00000001 ASL  00000061)
[    0.000000] ACPI: DSDT 0x000000007FFF0470 0021FF (v02 VBOX   VBOXBIOS 00000002 INTL 20100528)
[    0.000000] ACPI: FACS 0x000000007FFF0200 000040
[    0.000000] ACPI: FACS 0x000000007FFF0200 000040
[    0.000000]ACPI: APIC 0x000000007FFF0240 00005C (v02 VBOX   VBOXPIC 0000001 SL 00000061)
[    0.000000] ACPI: SSDT 0x00000007FFF02A0 0001CC (v01 VBOX   VBOXCPUT000002 INTL 20100528)
[    0.000000] No NUMA configuration found
[    0.00000 Faking a node at [mem 0x0000000000000000-0x000000007ffeffff]
[    0.000000] NODE_DAA() allocated [mem 0x7ffeb000-x7efff]
    0.000000] kvm-clock: Using msrs 4b564d01 and 4b564d00
[    0.000000] kvm-clock: cpu 0, msr 0:7ffe3001, primary cpu clock
[    0.000000] kvm-clock: uing sched offset of 4125608885 cycles
[    0.000000] cocsource: kvm-clock: mask: 0xfffffffffffffff max_cycles:0x1cd42e4dffb, max_idle_ns:881590591483 ns    0.000000] Zone anges:
[    0.000000]   DM    mem 0x00000000001000-0x0000000000ffffff]
[   0.00000]   DMA32    [mem 0x0000000001000000-0x0000007ffeffff]
[   0.000000]   Normal   empty[    0.000000]   Device   emty
[    0.000000] Movable zone start fo each od
[    0.0000] Early memory node ranges
[    0.000000]   node  0: [mem 0x000000000000100-0x000000000009eff]
[    0.000000   node   0: [mem 0x00000000001000-x000000007ffefff]
[   .00000Initmem setup node0 [me0x0000000000001000-000000007ffefff]
[    .0000] ACPI: PM-Timer IO Port: 0x4008
[    0.000000] IOAPI[0]: apicid , version 32, address 0xfec00000, GSI 0-
[    0.00000] ACPI: INT_SRC_OVR (bus 0 bus_irq 0 global_irq 2 dfl dfl
[    0.00000] ACPI: INT_SRC_OV (b 0 bus_irq 9 global_irq 9 low level)
[   0.0000 Using ACPI (MADT) for SMP configuraon information
[    0.000000] smpboot: Alowing 2 CPUs, 0 hotlu CPUs
[    0.000000] PM: Registred nosve memory: [mem 00000000-0x00000fff]
[    0.000000] PM: Registerenosave memory: [mem 0x0009f000-0x0009ffff
[    0.000000 PM: Ristered nosave memory: [me0x000a0000-0x00eff]
[    0.000000] PM:Registered nosave mmor: [mem 0x000000x000fffff][    0000000] e80: [mem 0x80000-0xfbfffff] available for PCI devices
[    000000] Bootinparavirtualized kernelon KVM
[   0.000000] clocksource: refined-jffie: sk: 0xffffffff max_cycles: xfffffff, max_ile_ns: 7645519600211568 ns
[    0.000000] stup_percpu: NR_CPUS:512 nr_cpumask_bits:52 nr_cpu_ids:2 nr_node_ids:1
[    0.000000] PERCPU: Embded 4 age/cpu @ffff88007f00000 s99544 r8192 d315 u1048576
[   000000] V qspinlock hashable entries: 256 (order 0 4096 bytes)
[   0.000000] Built 1 zonelists in Nod order, mobilit grouping on.  Total pages: 515960
[    0.000000] Policy zne: MA32
[   0.000000] Kernel command line: BOOTMAGE=/boot/vmlinuz-4.0119-generic root=LABEL=cloudimg-rootfs ro consoletty1 console=ttS0
[    0.00000] PID hash table entries: 4096 (order: 3,32768 bytes)
[    0.000000] Mmory: 203940K/2096696K available (853K ernel code, 1313K rwdata,396K rodat 1508K nit, 1316K bss, 62756K reserved, 0K cma-reserved)
[   .000000] SLUB: HWalgn=64, Order=0-3, MinObjects=0, CPUs=2, Nes1
[    000000 Kernel/User page tables solation: enabd
[   00000] erarchical RCU ilementation.
[    0.000000] 	Build-time adjustment of leaf fanutto 64.
[    0.000000] 	RCUrestricting CPUs from NR_CPUS=512 o nr_cpu_ids=2.
[    0.0000] RCU: Adjusting geometry for rcu_fanout_leaf=64, nr_cp_is=2[    0.000000 NR_IRQS:33024 nr_irqs:440 16
[    0.000000] Console: colour VGA+ 80x25
[    0.000000] console [tty] nabled
[    0.00000] console [ttS0 enabled
[  0.000000] tsc: Detected 2495.998 MHz processor
[    5.668886] Calibrating delay loop (skipped) preset value.. 4991.99 BogoMIPS (lpj=9983992)
[    5.712816] pid_max: default: 32768 minimum: 301
[    5.718307] ACPI: Core revision 20150930
[    5.731302] ACPI: 2 ACPI AML tables successfully acquired and loaded
[    5.744014] Security Framework initialized
[    5.760231] Yama: becoming mindful.
[    5.779545] AppArmor: AppArmor initialized
[    5.812276] Dentry cache hash table entries: 262144 (order: 9, 2097152 bytes)
[    5.897221] Inode-cache hash table entries: 131072 (order: 8, 1048576 bytes)
[    5.916820] Mount-cache hash table entries: 4096 (order: 3, 32768 bytes)
[    5.960613] Mountpoint-cache hash table entries: 4096 (order: 3, 32768 bytes)
[    5.962609] Initializing cgroup subsys io
[    5.976460] Initializing cgroup subsys memory
[    6.012901] Initializing cgroup subsys devices
[    6.041991] Initializing cgroup subsys freezer
[    6.064368] Initializing cgroup subsys net_cls
[    6.086045] Initializing cgroup subsys perf_event
[    6.106426] Initializing cgroup subsys net_prio
[    6.150582] Initializing cgroup subsys hugetlb
[    6.151718] Initializing cgroup subsys pids
[    6.184425] CPU: Physical Processor ID: 0
[    6.239822] CPU: Processor Core ID: 0
[    6.283822] FEATURE SPEC_CTRL Not Present
[    6.314393] mce: CPU supports 0 MCE banks
[    6.350847] Last level iTLB entries: 4KB 64, 2MB 8, 4MB 8
[    6.400826] Last level dTLB entries: 4KB 64, 2MB 0, 4MB 0, 1GB 4
[    6.422236] Spectre V2 mitigation: Mitigation: Full generic retpoline
[    6.425924] Spectre V2 mitigation: Speculation control IBPB not-supported IBRS not-supported
[    6.433847] Spectre V2 mitigation: Filling RSB on context switch
[    6.522123] Freeing SMP alternatives memory: 32K
[    6.569175] ftrace: allocating 32195 entries in 126 pages
[    6.692266] smpboot: APIC(0) Converting physical 0 to logical package 0
[    6.810624] smpboot: Max logical packages: 1
[    6.841369] x2apic enabled
[    6.861843] Switched APIC routing to physical x2apic.
[    6.897601] ..TIMER: vector=0x30 apic1=0 pin1=2 apic2=-1 pin2=-1
[    7.111991] smpboot: CPU0: Intel(R) Core(TM) i7-7660U CPU @ 2.50GHz (family: 0x6, model: 0x8e, stepping: 0x9)
[    7.268663] Performance Events: unsupported p6 CPU model 142 no PMU driver, software events only.
[    7.345134] KVM setup paravirtual spinlock
[    7.366411] x86: Booting SMP configuration:
[    7.405489] .... node  #0, CPUs:      #1
[    7.413250] kvm-clock: cpu 1, msr 0:7ffe3041, secondary cpu clock
[    7.433007] mce: CPU supports 0 MCE banks
[    7.437207] x86: Booted up 1 node, 2 CPUs
[    7.461331] smpboot: Total of 2 processors activated (9983.99 BogoMIPS)
[    7.470556] devtmpfs: initialized
[    7.496494] evm: security.selinux
[    7.501585] evm: security.SMACK64
[    7.519259] evm: security.SMACK64EXEC
[    7.521910] evm: security.SMACK64TRANSMUTE
[    7.534750] evm: security.SMACK64MMAP
[    7.561959] evm: security.ima
[    7.570890] evm: security.capability
[    7.578530] clocksource: jiffies: mask: 0xffffffff max_cycles: 0xffffffff, max_idle_ns: 7645041785100000 ns
[    7.616179] futex hash table entries: 512 (order: 3, 32768 bytes)
[    7.646835] pinctrl core: initialized pinctrl subsystem
[    7.654029] RTC time: 14:07:00, date: 07/02/18
[    7.679393] NET: Registered protocol family 16
[    7.708266] cpuidle: using governor ladder
[    7.724214] cpuidle: using governor menu
[    7.735197] PCCT header not found.
[    7.738753] ACPI: bus type PCI registered
[    7.745314] acpiphp: ACPI Hot Plug PCI Controller Driver version: 0.5
[    7.750908] PCI: Using configuration type 1 for base access
[    7.781434] ACPI: Added _OSI(Module Device)
[    7.804561] ACPI: Added _OSI(Processor Device)
[    7.818388] ACPI: Added _OSI(3.0 _SCP Extensions)
[    7.863814] ACPI: Added _OSI(Processor Aggregator Device)
[    7.875376] ACPI: Executed 1 blocks of module-level executable AML code
[    7.896943] ACPI: Interpreter enabled
[    7.905089] ACPI: (supports S0 S5)
[    7.924738] ACPI: Using IOAPIC for interrupt routing
[    7.969213] PCI: Using host bridge windows from ACPI; if necessary, use "pci=nocrs" and report a bug
[    8.022439] ACPI: PCI Root Bridge [PCI0] (domain 0000 [bus 00-ff])
[    8.039433] acpi PNP0A03:00: _OSC: OS supports [ASPM ClockPM Segments MSI]
[    8.094522] acpi PNP0A03:00: _OSC: not requesting OS control; OS requires [ExtendedConfig ASPM ClockPM MSI]
[    8.182393] acpi PNP0A03:00: fail to add MMCONFIG information, can't access extended PCI configuration space under this bridge.
[    8.335984] PCI host bridge to bus 0000:00
[    8.396979] pci_bus 0000:00: root bus resource [io  0x0000-0x0cf7 window]
[    8.526563] pci_bus 0000:00: root bus resource [io  0x0d00-0xffff window]
[    8.565879] pci_bus 0000:00: root bus resource [mem 0x000a0000-0x000bffff window]
[    8.567868] pci_bus 0000:00: root bus resource [mem 0x80000000-0xfdffffff window]
[    8.611537] pci_bus 0000:00: root bus resource [bus 00-ff]
[    8.662647] pci 0000:00:01.1: legacy IDE quirk: reg 0x10: [io  0x01f0-0x01f7]
[    8.685123] pci 0000:00:01.1: legacy IDE quirk: reg 0x14: [io  0x03f6]
[    8.750492] pci 0000:00:01.1: legacy IDE quirk: reg 0x18: [io  0x0170-0x0177]
[    8.816365] pci 0000:00:01.1: legacy IDE quirk: reg 0x1c: [io  0x0376]
[    8.874250] pci 0000:00:07.0: quirk: [io  0x4000-0x403f] claimed by PIIX4 ACPI
[    8.943476] pci 0000:00:07.0: quirk: [io  0x4100-0x410f] claimed by PIIX4 SMB
[    9.036789] ACPI: PCI Interrupt Link [LNKA] (IRQs 5 9 10 *11)
[    9.091481] ACPI: PCI Interrupt Link [LNKB] (IRQs 5 9 *10 11)
[    9.112678] ACPI: PCI Interrupt Link [LNKC] (IRQs 5 *9 10 11)
[    9.127336] ACPI: PCI Interrupt Link [LNKD] (IRQs 5 9 10 *11)
[    9.139829] ACPI: Enabled 2 GPEs in block 00 to 07
[    9.174248] vgaarb: setting as boot device: PCI:0000:00:02.0
[    9.189662] vgaarb: device added: PCI:0000:00:02.0,decodes=io+mem,owns=io+mem,locks=none
[    9.201126] vgaarb: loaded
[    9.218293] vgaarb: bridge control possible 0000:00:02.0
[    9.239552] SCSI subsystem initialized
[    9.255504] ACPI: bus type USB registered
[    9.261361] usbcore: registered new interface driver usbfs
[    9.265893] usbcore: registered new interface driver hub
[    9.285251] usbcore: registered new device driver usb
[    9.310675] PCI: Using ACPI for IRQ routing
[    9.315336] NetLabel: Initializing
[    9.322468] NetLabel:  domain hash size = 128
[    9.330147] NetLabel:  protocols = UNLABELED CIPSOv4
[    9.361278] NetLabel:  unlabeled traffic allowed by default
[    9.388952] amd_nb: Cannot enumerate AMD northbridges
[    9.410103] clocksource: Switched to clocksource kvm-clock
[    9.450712] ApAmo ApArorFiesysem Enabld[   9.776464] pnp: PnP ACI nit    9.975748] pnp: PnP ACPI: found 3 devices

[   10.082809] clocksource: acpi_pm: mask: 0xffffff max_cycles: 0xffffff, max_idle_ns: 2085701024 ns
[   10.106235] NET: Registered protocol family 2
[   10.120006] TCP established hash table entries: 16384 (order: 5, 131072 bytes)
[   10.144892] TCP bind hash table entries: 16384 (order: 6, 262144 bytes)
[   10.159528] TCP: Hash tables configured (established 16384 bind 16384)
[   10.187253] UDP hash table entries: 1024 (order: 3, 32768 bytes)
[   10.205899] UDP-Lite hash table entries: 1024 (order: 3, 32768 bytes)
[   10.276626] NET: Registered protocol family 1
[   10.341444] pci 0000:00:00.0: Limiting direct PCI/PCI transfers
[   10.373074] pci 0000:00:01.0: Activating ISA DMA hang workarounds
[   10.379576] Unpacking initramfs...
[   12.782494] Freeing initrd memory: 10776K
[   12.791519] platform rtc_cmos: registered platform RTC device (no PNP device found)
[   12.825257] Scanning for low memory corruption every 60 seconds
[   12.881815] audit: initializing netlink subsys (disabled)
[   12.919897] audit: type=2000 audit(1530540423.293:1): initialized
[   12.961258] Initialise system trusted keyring
[   12.981092] HugeTLB registered 2 MB page size, pre-allocated 0 pages
[   13.004800] zbud: loaded
[   13.010285] VFS: Disk quotas dquot_6.6.0
[   13.015436] VFS: Dquot-cache hash table entries: 512 (order 0, 4096 bytes)
[   13.021377] squashfs: version 4.0 (2009/01/31) Phillip Lougher
[   13.028497] fuse init (API version 7.23)
[   13.034920] Key type big_key registered
[   13.041705] Allocating IMA MOK and blacklist keyrings.
[   13.048956] Key type asymmetric registered
[   13.059757] Asymmetric key parser 'x509' registered
[   13.068431] Block layer SCSI generic (bsg) driver version 0.4 loaded (major 249)
[   13.103997] io scheduler noop registered
[   13.134123] io scheduler deadline registered (default)
[   13.168912] io scheduler cfq registered
[   13.175850] pci_hotplug: PCI Hot Plug PCI Core version: 0.5
[   13.206942] pciehp: PCI Express Hot Plug Controller Driver version: 0.4
[   13.274061] ACPI: AC Adapter [AC] (off-line)
[   13.296797] input: Power Button as /devices/LNXSYSTM:00/LNXPWRBN:00/input/input0
[   13.330185] ACPI: Power Button [PWRF]
[   13.353840] input: Sleep Button as /devices/LNXSYSTM:00/LNXSLPBN:00/input/input1
[   13.378719] ACPI: Sleep Button [SLPF]
[   13.425842] GHES: HEST is not enabled!
[   13.426977] ACPI: Battery Slot [BAT0] (battery present)
[   13.475869] Serial: 8250/16550 driver, 32 ports, IRQ sharing enabled
[   13.543378] 00:02: ttyS0 at I/O 0x3f8 (irq = 4, base_baud = 115200) is a 16550A
[   13.564815] Linux agpgart interface v0.103
[   13.577512] loop: module loaded
[   13.582712] scsi host0: ata_piix
[   13.591976] scsi host1: ata_piix
[   13.595731] ata1: PATA max UDMA/33 cmd 0x1f0 ctl 0x3f6 bmdma 0xd000 irq 14
[   13.608427] ata2: PATA max UDMA/33 cmd 0x170 ctl 0x376 bmdma 0xd008 irq 15
[   13.622275] libphy: Fixed MDIO Bus: probed
[   13.628341] tun: Universal TUN/TAP device driver, 1.6
[   13.635692] tun: (C) 1999-2004 Max Krasnyansky <maxk@qualcomm.com>
[   13.642849] PPP generic driver version 2.4.2
[   13.649232] ehci_hcd: USB 2.0 'Enhanced' Host Controller (EHCI) Driver
[   13.659605] ehci-pci: EHCI PCI platform driver
[   13.668828] ehci-platform: EHCI generic platform driver
[   13.677220] ohci_hcd: USB 1.1 'Open' Host Controller (OHCI) Driver
[   13.696628] ohci-pci: OHCI PCI platform driver
[   13.725405] ohci-platform: OHCI generic platform driver
[   13.739624] uhci_hcd: USB Universal Host Controller Interface driver
[   13.820409] tsc: Refined TSC clocksource calibration: 2496.624 MHz
[   13.860772] clocksource: tsc: mask: 0xffffffffffffffff max_cycles: 0x23fcc4b649e, max_idle_ns: 440795296411 ns
[   13.860942] i8042: PNP: PS/2 Controller [PNP0303:PS2K,PNP0f03:PS2M] at 0x60,0x64 irq 1,12
[   13.861352] serio: i8042 KBD port at 0x60,0x64 irq 1
[   13.861357] serio: i8042 AUX port at 0x60,0x64 irq 12
[   13.971428] mousedev: PS/2 mouse device common for all mice
[   13.971667] input: AT Translated Set 2 keyboard as /devices/platform/i8042/serio0/input/input2
[   13.972005] rtc_cmos rtc_cmos: rtc core: registered rtc_cmos as rtc0
[   13.972055] rtc_cmos rtc_cmos: alarms up to one day, 114 bytes nvram
[   13.972060] i2c /dev entries driver
[   13.972125] device-mapper: uevent: version 1.0.3
[   13.972164] device-mapper: ioctl: 4.34.0-ioctl (2015-10-28) initialised: dm-devel@redhat.com
[   13.972183] ledtrig-cpu: registered to indicate activity on CPUs
[   13.972398] NET: Registered protocol family 10
[   13.972509] NET: Registered protocol family 17
[   13.972516] Key type dns_resolver registered
[   13.972685] registered taskstats version 1
[   13.972696] Loading compiled-in X.509 certificates
[   13.973230] Loaded X.509 cert 'Build time autogenerated kernel key: f854e06633b5f496ced5b2e02c7b14f761b69302'
[   13.973246] zswap: loaded using pool lzo/zbud
[   13.974547] Key type trusted registered
[   13.976325] Key type encrypted registered
[   13.976329] AppArmor: AppArmor sha1 policy hashing enabled
[   13.976331] ima: No TPM chip found, activating TPM-bypass!
[   13.976353] evm: HMAC attrs: 0x1
[   13.976688]   Magic number: 10:703:130
[   13.980007] rtc_cmos rtc_cmos: setting system clock to 2018-07-02 14:07:07 UTC (1530540427)
[   13.980093] BIOS EDD facility v0.16 2004-Jun-25, 0 devices found
[   13.980093] EDD information not available.
[   14.533980] Freeing unused kernel memory: 1508K
[   15.569774] Write protecting the kernel read-only data: 14336k
[   15.572509] Freeing unused kernel memory: 1696K
[   15.583706] Freeing unused kernel memory: 100K
Loading, please wait...
starting version 229
[   15.603479] random: udevadm: uninitialized urandom read (16 bytes read, 7 bits of entropy available)
[   15.603854] random: systemd-udevd: uninitialized urandom read (16 bytes read, 7 bits of entropy available)
[   15.603935] random: systemd-udevd: uninitialized urandom read (16 bytes read, 7 bits of entropy available)
[   15.603948] random: systemd-udevd: uninitialized urandom read (16 bytes read, 7 bits of entropy available)
[   15.603961] random: systemd-udevd: uninitialized urandom read (16 bytes read, 7 bits of entropy available)
[   15.785296] random: udevadm: uninitialized urandom read (16 bytes read, 7 bits of entropy available)
[   15.799194] random: systemd-udevd: uninitialized urandom read (16 bytes read, 7 bits of entropy available)
[   15.829622] random: systemd-udevd: uninitialized urandom read (16 bytes read, 7 bits of entropy available)
[   15.830945] random: udevadm: uninitialized urandom read (16 bytes read, 7 bits of entropy available)
[   15.830994] random: udevadm: uninitialized urandom read (16 bytes read, 7 bits of entropy available)
[   15.988211] e1000: Intel(R) PRO/1000 Network Driver - version 7.3.21-k8-NAPI
[   15.999489] e1000: Copyright (c) 1999-2006 Intel Corporation.
[   16.005551] Fusion MPT base driver 3.04.20
[   16.042646] Copyright (c) 1999-2008 LSI Corporation
[   16.049216] Fusion MPT SPI Host driver 3.04.20
[   16.070346] AVX2 version of gcm_enc/dec engaged.
[   16.077555] AES CTR mode by8 optimization enabled
[   16.285553] input: ImExPS/2 Generic Explorer Mouse as /devices/platform/i8042/serio1/input/input4
[   16.418085] e1000 0000:00:03.0 eth0: (PCI:33MHz:32-bit) 02:62:8c:65:d6:7a
[   16.443215] e1000 0000:00:03.0 eth0: Intel(R) PRO/1000 Network Connection
[   16.486019] mptbase: ioc0: Initiating bringup
[   16.562939] ioc0: LSI53C1030 A0: Capabilities={Initiator}
[   16.727833] scsi host2: ioc0: LSI53C1030 A0, FwRev=00000000h, Ports=1, MaxQ=256, IRQ=20
[   16.858630] scsi 2:0:0:0: Direct-Access     VBOX     HARDDISK         1.0  PQ: 0 ANSI: 5
[   16.879260] scsi target2:0:0: Beginning Domain Validation
[   16.891627] scsi target2:0:0: Domain Validation skipping write tests
[   16.893212] scsi target2:0:0: Ending Domain Validation
[   16.906446] scsi target2:0:0: asynchronous
[   16.910262] scsi 2:0:1:0: Direct-Access     VBOX     HARDDISK         1.0  PQ: 0 ANSI: 5
[   16.912939] scsi target2:0:1: Beginning Domain Validation
[   16.915365] scsi target2:0:1: Domain Validation skipping write tests
[   16.928094] scsi target2:0:1: Ending Domain Validation
[   16.929619] scsi target2:0:1: asynchronous
[   16.959844] sd 2:0:0:0: Attached scsi generic sg0 type 0
[   16.968956] sd 2:0:0:0: [sda] 20971520 512-byte logical blocks: (10.7 GB/10.0 GiB)
[   17.003039] sd 2:0:1:0: [sdb] 20480 512-byte logical blocks: (10.5 MB/10.0 MiB)
[   17.007677] sd 2:0:1:0: Attached scsi generic sg1 type 0
[   17.017390] sd 2:0:1:0: [sdb] Write Protect is off
[   17.047223] sd 2:0:0:0: [sda] Write Protect is off
[   17.069227] sd 2:0:1:0: [sdb] Incomplete mode parameter data
[   17.085753] sd 2:0:1:0: [sdb] Assuming drive cache: write through
[   17.099910] sd 2:0:0:0: [sda] Incomplete mode parameter data
[   17.101491] sd 2:0:0:0: [sda] Assuming drive cache: write through
[   17.109556]  sda: sda1
[   17.127789] sd 2:0:1:0: [sdb] Attached SCSI disk
[   17.131730] sd 2:0:0:0: [sda] Attached SCSI disk
[   17.275913] e1000 0000:00:08.0 eth1: (PCI:33MHz:32-bit) 08:00:27:4b:d3:fe
[   17.302668] e1000 0000:00:08.0 eth1: Intel(R) PRO/1000 Network Connection
[   17.316882] e1000 0000:00:03.0 enp0s3: renamed from eth0
[   17.335215] e1000 0000:00:08.0 enp0s8: renamed from eth1
[   19.102997] floppy0: no floppy controllers found
Begin: Loading essential drivers ... [   20.424357] md: linear personality registered for level -1
[   20.456260] md: multipath personality registered for level -4
[   20.472201] md: raid0 personality registered for level 0
[   20.507819] md: raid1 personality registered for level 1
[   20.650322] raid6: sse2x1   gen() 12333 MB/s
[   20.774336] raid6: sse2x1   xor()  8891 MB/s
[   20.862345] raid6: sse2x2   gen() 14908 MB/s
[   20.958410] raid6: sse2x2   xor()  8141 MB/s
[   21.054218] raid6: sse2x4   gen()  5030 MB/s
[   21.126409] raid6: sse2x4   xor()  5217 MB/s
[   21.198566] raid6: avx2x1   gen() 19392 MB/s
[   21.270139] raid6: avx2x2   gen() 22820 MB/s
[   21.362636] raid6: avx2x4   gen() 20439 MB/s
[   21.380032] raid6: using algorithm avx2x2 gen() 22820 MB/s
[   21.436255] raid6: using avx2x2 recovery algorithm
[   21.466098] xor: automatically using best checksumming function:
[   21.542572]    avx       : 20187.000 MB/sec
[   21.608714] async_tx: api initialized (async)
[   21.640427] md: raid6 personality registered for level 6
[   21.665714] md: raid5 personality registered for level 5
[   21.668690] md: raid4 personality registered for level 4
[   21.676426] md: raid10 personality registered for level 10
done.
Begin: Running /scripts/init-premount ... done.
Begin: Mounting root file system ... Begin: Running /scripts/local-top ... done.
Begin: Running /scripts/local-premount ... [   21.735176] Btrfs loaded
Scanning for Btrfs filesystems
done.
Warning: fsck not present, so skipping root file system
[   21.780517] EXT4-fs (sda1): mounted filesystem with ordered data mode. Opts: (null)
done.
Begin: Running /scripts/local-bottom ... done.
Begin: Running /scripts/init-bottom ... done.
[   21.902647] systemd[1]: systemd 229 running in system mode. (+PAM +AUDIT +SELINUX +IMA +APPARMOR +SMACK +SYSVINIT +UTMP +LIBCRYPTSETUP +GCRYPT +GNUTLS +ACL +XZ -LZ4 +SECCOMP +BLKID +ELFUTILS +KMOD -IDN)
[   21.925957] systemd[1]: Detected virtualization oracle.
[   21.941682] systemd[1]: Detected architecture x86-64.

Welcome to [1mUbuntu 16.04.4 LTS[0m!

[   21.978732] systemd[1]: Set hostname to <ubuntu>.
[   21.992465] systemd[1]: Initializing machine ID from random generator.
[   22.005496] systemd[1]: Installed transient /etc/machine-id file.
[   22.126068] systemd[1]: Listening on Journal Audit Socket.
[[0;32m  OK  [0m] Listening on Journal Audit Socket.
[   22.162623] systemd[1]: Reached target Swap.
[[0;32m  OK  [0m] Reached target Swap.
[   22.190704] systemd[1]: Listening on LVM2 metadata daemon socket.
[[0;32m  OK  [0m] Listening on LVM2 metadata daemon socket.
[   22.226572] systemd[1]: Reached target Encrypted Volumes.
[[0;32m  OK  [0m] Reached target Encrypted Volumes.
[   22.247113] systemd[1]: Set up automount Arbitrary Executable File Formats File System Automount Point.
[[0;32m  OK  [0m] Set up automount Arbitrary Executab...ats File System Automount Point.
[   22.291139] systemd[1]: Listening on udev Kernel Socket.
[[0;32m  OK  [0m] Listening on udev Kernel Socket.
[   22.306381] systemd[1]: Listening on Journal Socket (/dev/log).
[[0;32m  OK  [0m] Listening on Journal Socket (/dev/log).
[   22.326637] systemd[1]: Listening on LVM2 poll daemon socket.
[[0;32m  OK  [0m] Listening on LVM2 poll daemon socket.
[   22.350670] systemd[1]: Listening on Syslog Socket.
[[0;32m  OK  [0m] Listening on Syslog Socket.
[   22.376080] systemd[1]: Listening on udev Control Socket.
[[0;32m  OK  [0m] Listening on udev Control Socket.
[   22.425410] systemd[1]: Reached target User and Group Name Lookups.
[[0;32m  OK  [0m] Reached target User and Group Name Lookups.
[   22.508309] systemd[1]: Reached target System Time Synchronized.
[[0;32m  OK  [0m] Reached target System Time Synchronized.
[   22.538589] systemd[1]: Listening on Device-mapper event daemon FIFOs.
[[0;32m  OK  [0m] Listening on Device-mapper event daemon FIFOs.
[   22.566778] systemd[1]: Created slice User and Session Slice.
[[0;32m  OK  [0m] Created slice User and Session Slice.
[   22.587259] systemd[1]: Started Forward Password Requests to Wall Directory Watch.
[[0;32m  OK  [0m] Started Forward Password Requests to Wall Directory Watch.
[   22.618402] systemd[1]: Started Trigger resolvconf update for networkd DNS.
[[0;32m  OK  [0m] Started Trigger resolvconf update for networkd DNS.
[   22.683284] systemd[1]: Listening on Journal Socket.
[[0;32m  OK  [0m] Listening on Journal Socket.
[   22.727389] systemd[1]: Created slice System Slice.
[[0;32m  OK  [0m] Created slice System Slice.
[   22.766508] systemd[1]: Reached target Slices.
[[0;32m  OK  [0m] Reached target Slices.
[   22.822497] systemd[1]: Starting Nameserver information manager...
[   22.822975] random: nonblocking pool is initialized
         Starting Nameserver information manager...
[   22.914459] systemd[1]: Starting Monitoring of LVM2 mirrors, snapshots etc. using dmeventd or progress polling...
         Starting Monitoring of LVM2 mirrors... dmeventd or progress polling...
[   23.020228] systemd[1]: Starting Journal Service...
         Starting Journal Service...
[   23.074983] systemd[1]: Starting Uncomplicated firewall...
         Starting Uncomplicated firewall...
[   23.102954] systemd[1]: Created slice system-serial\x2dgetty.slice.
[[0;32m  OK  [0m] Created slice system-serial\x2dgetty.slice.
[   23.158744] systemd[1]: Mounting POSIX Message Queue File System...
         Mounting POSIX Message Queue File System...
[   23.234533] systemd[1]: Mounting Huge Pages File System...
         Mounting Huge Pages File System...
[   23.274818] systemd[1]: Starting Remount Root and Kernel File Systems...
[   23.277548] EXT4-fs (sda1): re-mounted. Opts: (null)
         Starting Remount Root and Kernel File Systems...
[   23.362512] systemd[1]: Starting Set console keymap...
         Starting Set console keymap...
[   23.396244] systemd[1]: Starting Load Kernel Modules...
         Startin[   23.427111] Loading iSCSI transport class v2.0-870.
g Load Kernel Modules...
[   23.453233] systemd[1]: Starting Create list of required static device nodes for the current kernel...
         Startin[   23.471211] iscsi: registered transport (tcp)
g Create list of required st... [   23.579495] iscsi: registered transport (iser)
nodes for the current kernel...
[   23.642293] systemd[1]: Listening on /dev/initctl Compatibility Named Pipe.
[[0;32m  OK  [0m] Listening on /dev/initctl Compatibility Named Pipe.
[   23.674517] systemd[1]: Mounting Debug File System...
         Mounting Debug File System...
[   23.680172] systemd[1]: Mounted POSIX Message Queue File System.
[[0;32m  OK  [0m] Mounted POSIX Message Queue File System.
[   23.706615] systemd[1]: Mounted Huge Pages File System.
[[0;32m  OK  [0m] Mounted Huge Pages File System.
[   23.754748] systemd[1]: Mounted Debug File System.
[[0;32m  OK  [0m] Mounted Debug File System.
[   23.783503] systemd[1]: Started Journal Service.
[[0;32m  OK  [0m] Started Journal Service.
[[0;32m  OK  [0m] Started Uncomplicated firewall.
[[0;32m  OK  [0m] Started Remount Root and Kernel File Systems.
[[0;32m  OK  [0m] Started Set console keymap.
[[0;32m  OK  [0m] Started Load Kernel Modules.
[[0;32m  OK  [0m] Started Create list of required sta...ce nodes for the current kernel.
[[0;32m  OK  [0m] Started Nameserver information manager.
[[0;32m  OK  [0m] Started LVM2 metadata daemon.
         Starting Create Static Device Nodes in /dev...
         Mounting FUSE Control File System...
         Starting Apply Kernel Variables...
         Starting Load/Save Random Seed...
         Starting udev Coldplug all Devices...
         Starting Initial cloud-init job (pre-networking)...
         Starting Flush Journal to Persistent Storage...
[[0;32m  OK  [0m] Mounted FUSE Control File System.
[[0;32m  OK  [0m] Started Create Static Device Nodes in /dev.
[[0;32m  OK  [0m] Started Apply Kernel Variables.
[[0;32m  OK  [0m] Started Load/Save Random Seed.
         Starting udev Kernel Device Manager...
[[0;32m  OK  [0m] Started Flush Journal to Persistent Storage.
[[0;32m  OK  [0m] Started udev Coldplug all Devices.
[[0;32m  OK  [0m] Started udev Kernel Device Manager.
[[0;32m  OK  [0m] Started Dispatch Password Requests to Console Directory Watch.
[[0;32m  OK  [0m] Started Monitoring of LVM2 mirrors,...ng dmeventd or progress polling.
[[0;32m  OK  [0m] Found device /dev/ttyS0.
[[0;32m  OK  [0m] Reached target Local File Systems (Pre).
[[0;32m  OK  [0m] Reached target Local File Systems.
         Starting Create Volatile Files and Directories...
         Starting LSB: AppArmor initialization...
         Starting Commit a transient machine-id on disk...
         Starting Tell Plymouth To Write Out Runtime Data...
         Starting Set console font and keymap...
[   16.560378] cloud-init[453]: Cloud-init v. 18.2 running 'init-local' at Mon, 02 Jul 2018 14:07:18 +0000. Up 16.12 seconds.
[[0;32m  OK  [0m] Started Create Volatile Files and Directories.
[[0;32m  OK  [0m] Started Commit a transient machine-id on disk.
[[0;32m  OK  [0m] Started Tell Plymouth To Write Out Runtime Data.
[[0;32m  OK  [0m] Started Initial cloud-init job (pre-networking).
[[0;32m  OK  [0m] Listening on Load/Save RF Kill Switch Status /dev/rfkill Watch.
[[0;32m  OK  [0m] Reached target Network (Pre).
         Starting Update UTMP about System Boot/Shutdown...
[[0;32m  OK  [0m] Started Set console font and keymap.
[[0;32m  OK  [0m] Started Update UTMP about System Boot/Shutdown.
[[0;32m  OK  [0m] Created slice system-getty.slice.
[[0;32m  OK  [0m] Started LSB: AppArmor initialization.
         Starting Raise network interfaces...
[[0;32m  OK  [0m] Started Raise network interfaces.
         Starting Initial cloud-init job (metadata service crawler)...
[[0;32m  OK  [0m] Reached target Network.
[   19.671930] cloud-init[943]: Cloud-init v. 18.2 running 'init' at Mon, 02 Jul 2018 14:07:21 +0000. Up 19.17 seconds.
[   19.731578] [[0;32m  OK  [0m] cloud-initStarted Initial cloud-init job (metadata service crawler).[943]: 
ci-info: ++++++++++++++++++++++++++++++++++++++Net device info++++++++++++++++++++++++++++++++++++++
[   19.796382] [[0;32m  OK  [0m] Reached target System Initialization.
[[0;32m  OK  [0m] Started Timer to automatically refresh installed snaps.
cloud-init[943]: ci-info: +--------+-------+----------------------------+---------------+-------+-------------------+
[   19.908519] [cloud-init[0;32m  OK  [0m[943]: ] ci-info: | Device |   Up  |          Address           |      Mask     | Scope |     Hw-Address    |Started ACPI Events Check.

[   19.909217] [cloud-init[0;32m  OK  [0m[943]: ] ci-info: +--------+-------+----------------------------+---------------+-------+-------------------+Reached target Paths.

[[0;32m  OK  [0m] Listening on UUID daemon activation socket.
[   19.929213] cloud-init[943]: ci-info: | enp0s3 |  True |         10.0.2.15          | 255.255.255.0 |   .   | 02:62:8c:65:d6:7a |
[   20.014758] [[0;32m  OK  [0m] Started Daily apt download activities.
[[0;32m  OK  [0m] Started Daily apt upgrade and clean activities.
[[0;32m  OK  [0m] Listening on ACPID Listen Socket.
cloud-init[943]: ci-info: | enp0s3 |  True | fe80::62:8cff:fe65:d67a/64 |       .       |  link | 02:62:8c:65:d6:7a |
         Starting LXD - unix socket.
[   20.031982] cloud-init[943]: ci-info: | enp0s8 | False |             .              |       .       |   .   | 08:00:27:4b:d3:fe |
[   20.087386]          Starting Socket activation for snappy daemon.
cloud-init[943]: ci-info: |   lo   |  True |         127.0.0.1          |   255.0.0.0   |   .   |         .         |
[   20.126387] [cloud-init[0;32m  OK  [0m[943]: ] ci-info: |   lo   |  True |          ::1/128           |       .       |  host |         .         |Started Daily Cleanup of Temporary Directories.

[   20.301331] [cloud-init[0;32m  OK  [0m[943]: ] ci-info: +--------+-------+----------------------------+---------------+-------+-------------------+Reached target Timers.

[   20.368494] [cloud-init[0;32m  OK  [0m[943]: ] ci-info: +++++++++++++++++++++++++++Route IPv4 info++++++++++++++++++++++++++++Listening on D-Bus System Message Bus Socket.

[   20.369276] [cloud-init[0;32m  OK  [0m[943]: ] ci-info: +-------+-------------+----------+---------------+-----------+-------+Reached target Cloud-config availability.

[[0;32m  OK  [0m] Reached target Network is Online.
[   20.441881] cloud-init[943]: ci-info: | Route | Destination | Gateway  |    Genmask    | Interface | Flags |
[   20.568835]          cloud-init[943]: ci-info: +-------+-------------+----------+---------------+-----------+-------+
Starting iSCSI initiator daemon (iscsid)...
[[0;32m  OK  [0m] Listening on LXD - unix socket.
[   20.569613] [[0;32m  OK  [0m] Listening on Socket activation for snappy daemon.
cloud-init[943]: ci-info: |   0   |   0.0.0.0   | 10.0.2.2 |    0.0.0.0    |   enp0s3  |   UG  |
[[0;32m  OK  [0m] Reached target Sockets.
[[0;32m  OK  [0m] Reached target Basic System.
[   20.695464] cloud-init[943]: ci-info: |   1   |   10.0.2.0  | 0.0.0.0  | 255.255.255.0 |   enp0s3  |   U   |
[   20.757838] cloud-init[943]: ci-info: +-------+-------------+----------+---------------+-----------+-------+
[   20.794140] cloud-init[943]: Generating public/private rsa key pair.
[   20.822154] cloud-init[943]: Your identification has been saved in /etc/ssh/ssh_host_rsa_key.
         Starting /etc/rc.local Compatibility...
[   20.851204] cloud-init[943]: Your public key has been saved in /etc/ssh/ssh_host_rsa_key.pub.
[   20.904430] cloud-init[943]: The key fingerprint is:
[   20.921846] cloud-init[943]: SHA256:BZcVbQuE4QfupgQmBc1ezxX3aB1vITjcAZfgRq/EYhE root@ubuntu-xenial
[[0;32m  OK  [0m] Started Deferred execution scheduler.
[   20.955141] cloud-init[943]: The key's randomart image is:
[   20.997026]          cloud-initStarting Virtualbox guest utils...[943]: 
+---[RSA 2048]----+
[   21.060626]          cloud-initStarting Accounts Service...[943]: 
|    .+. .E*XXB+o |
[   21.061294] cloud-init[943]: |     .o .=B==++++|
[   21.136345]          cloud-initStarting Apply the settings specified in cloud-config...[943]: 
|    ..o. =+*o+o.=|
         Starting LXD - container startup/shutdown...
[   21.216963] cloud-init[943]: |     o...o*..... |
[   21.241184] [cloud-init[0;32m  OK  [0m[943]: ] |        S o.     |Started Unattended Upgrades Shutdown.

[   21.241884] cloud-init[943]: |       . o       |
[   21.305273] cloud-init[943]: |        .        |
[   21.307835] cloud-init[943]: |                 |
[[0;32m  OK  [0m] Started ACPI event daemon.
[   21.317570] cloud-init[943]: |                 |
[   21.369209]          cloud-initStarting LSB: Record successful boot for GRUB...[943]: 
+----[SHA256]-----+
[   21.390848] [[0;32m  OK  [0m] Started D-Bus System Message Bus.
cloud-init[943]: Generating public/private dsa key pair.
[   21.408486]          cloud-initStarting Snappy daemon...[943]: 
Your identification has been saved in /etc/ssh/ssh_host_dsa_key.
[   21.466131]          Starting Pollinate to seed the pseudo random number generator...
cloud-init[943]: Your public key has been saved in /etc/ssh/ssh_host_dsa_key.pub.
[   21.520398]          cloud-initStarting Login Service...[943]: 
The key fingerprint is:
         Starting LSB: MD monitoring daemon...
[   21.572503] cloud-init[943]: SHA256:2iGXvJvGkNl/bNZGXMU9i/MO+IdouW4GLpFhRUYp3kM root@ubuntu-xenial
[   21.646028] [[0;32m  OK  [0m] Started Regular background program processing daemon.
cloud-init[943]: The key's randomart image is:
[   21.661084] [[0;32m  OK  [0m] Started FUSE filesystem for LXC.
         Starting System Logging Service...
[[0;32m  OK  [0m] Started Snappy daemon.
[[0;32m  OK  [0m] Started iSCSI initiator daemon (iscsid).
cloud-init[943]: +---[DSA 1024]----+
[   21.675802] [cloud-init[0;32m  OK  [0m[943]: ] |        o+.    ..|Started /etc/rc.local Compatibility.

[   21.676716] [[0;32m  OK  [0m] Started LXD - container startup/shutdown.
[[0;32m  OK  [0m] Started System Logging Service.
cloud-init[943]: |       ..E     .+|
[   21.693956] cloud-init[943]: |      . =     . +|
[   21.705294] cloud-init[943]: |       = +   o ..|
[   21.718370] cloud-init[943]: |      o+S . ..o. |
[   21.729945] cloud-init[943]: |      +B.+ . .o. |
[   21.752379] cloud-init[943]: |      .o=...+o+  |
[[0;32m  OK  [0m] Started LSB: Record successful boot for GRUB.
[[0;32m  OK  [0m] Started Virtualbox guest utils.
[[0;32m  OK  [0m] Started LSB: MD monitoring daemon.
[   21.753318] cloud-init[943]: |       .o+.*=ooo |
[   21.868061]          cloud-initStarting Authenticate and Authorize Users to Run Privileged Tasks...[943]: 
|       .+ =*...  |
         Starting Login to default iSCSI targets...
[   21.920346] cloud-init[943]: +----[SHA256]-----+
[[0;32m  OK  [0m] Started Login Service.
[   21.992652] cloud-init[943]: Generating public/private ecdsa key pair.
[   22.093537] cloud-init[943]: Your identification has been saved in /etc/ssh/ssh_host_ecdsa_key.
[   22.117350] cloud-init[943]: Your public key has been saved in /etc/ssh/ssh_host_ecdsa_key.pub.
[[0;32m  OK  [0m] Started Authenticate and Authorize Users to Run Privileged Tasks.
[[0;32m  OK  [0m] Started Accounts Service.
[   22.146704] cloud-init[943]: The key fingerprint is:
[   22.225582] cloud-init[943]: SHA256:97lu2tUJt3fu6fEU6NiXG8ufa2RFFxX5l6MJDDulZbo root@ubuntu-xenial
[[0;32m  OK  [0m] Started Login to default iSCSI targets.
[   22.269051] cloud-init[943]: The key's randomart image is:
[   22.317058] cloud-init[943]: +---[ECDSA 256]---+
[   22.328890] cloud-init[943]: |               o*|
[   22.341198] cloud-init[943]: |         . +   .o|
[[0;32m  OK  [0m] Reached target Remote File Systems (Pre).
[[0;32m  OK  [0m] Reached target Remote File Systems.
[   22.374113] cloud-init[943]: |          X    .+|
         Starting LSB: Set the CPU Frequency Scaling governor to "ondemand"...
[   22.476830] cloud-init[943]: |         = o  .o+|
[   22.556254]          cloud-initStarting LSB: automatic crash report generation...[943]: 
|        S + .ooo+|
[   22.597830]          cloud-initStarting Permit User Sessions...[943]: 
|         E .++o+=|
[   22.604414] cloud-init[943]: |           .oo+B=|
[   22.633707] cloud-init[943]: |           ..oo+@|
[   22.660359]          cloud-initStarting LSB: daemon to balance interrupts for SMP systems...[943]: 
|          .++ oXB|
[[0;32m  OK  [0m] Started Permit User Sessions.
[   22.694671] cloud-init[943]: +----[SHA256]-----+
[   22.732528] cloud-init[943]: Generating public/private ed25519 key pair.
[[0;32m  OK  [0m] Started LSB: Set the CPU Frequency Scaling governor to "ondemand".
[[0;32m  OK  [0m] Started LSB: automatic crash report generation.
[[0;32m  OK  [0m] Started LSB: daemon to balance interrupts for SMP systems.
[   22.797424] cloud-init[943]: Your identification has been saved in /etc/ssh/ssh_host_ed25519_key.
[   22.973938] cloud-init[943]: Your public key has been saved in /etc/ssh/ssh_host_ed25519_key.pub.
         Starting Terminate Plymouth Boot Screen...
[   23.004623] cloud-init[943]: The key fingerprint is:
         Starting Hold until boot process finishes up...
[   23.050630] cloud-init[943]: SHA256:YAQWOm5zoKAem37uXQDWOMkE2+FipBrZMh5VbfATU8M root@ubuntu-xenial
[   23.116938] cloud-init[943]: The key's randomart image is:
[[0;32m  OK  [0m] Started Terminate Plymouth Boot Screen.
[[0;32m  OK  [0m] Started Apply the settings specified in cloud-config.
[   23.144756] cloud-init[943]: +--[ED25519 256]--+
[   23.202123] [[0;32m  OK  [0m] Started Hold until boot process finishes up.
cloud-init[943]: | o.+==+ooo       |
[   23.216330] cloud-init[943]: |ooBo=..ooE.      |
[   23.229943]          cloud-initStarting Set console scheme...[943]: 
|B==X .+o         |
[   23.249751] [[0;32m  OK  [0m] Started Getty on tty1.
cloud-init[943]: |**+oo. ..        |
[   23.273110] [[0;32m  OK  [0m] Started Serial Getty on ttyS0.
[[0;32m  OK  [0m] Reached target Login Prompts.
cloud-init[943]: |+o+ ..  S        |
[   23.305504] [[0;32m  OK  [0m] Started Set console scheme.
cloud-init[943]: |..+o  .          |
[   23.314188] [[0;32m  OK  [0m] Started Pollinate to seed the pseudo random number generator.
cloud-init[943]: | +     .         |
[   23.331066] cloud-init[943]: |.  .. .          |
[   23.335670] cloud-init[943]: | .+o .           |
         Starting OpenBSD Secure Shell server...
[   23.336708] cloud-init[943]: +----[SHA256]-----+
[[0;32m  OK  [0m] Started OpenBSD Secure Shell server.
[   23.389440] cloud-init[1057]: Generating locales (this might take a while)...
[   23.419768] [cloud-init[0;32m  OK  [0m[1057]: ]   en_US.UTF-8... doneReached target Multi-User System.

[   23.420525] cloud-init[1057]: Generation complete.
[   23.465015] cloud-init[1057]: Cloud-init v. 18.2 running 'modules:config' at Mon, 02 Jul 2018 14:07:23 +0000. Up 21.34 seconds.
         Starting Execute cloud user/final scripts...
[[0;32m  OK  [0m] Reached target Graphical Interface.
         Starting Update UTMP about System Runlevel Changes...
[[0;32m  OK  [0m] Started Update UTMP about System Runlevel Changes.
ci-info: no authorized ssh keys fingerprints found for user ubuntu.
<14>Jul  2 14:07:26 ec2: 
<14>Jul  2 14:07:26 ec2: #############################################################
<14>Jul  2 14:07:26 ec2: -----BEGIN SSH HOST KEY FINGERPRINTS-----
<14>Jul  2 14:07:26 ec2: 1024 SHA256:2iGXvJvGkNl/bNZGXMU9i/MO+IdouW4GLpFhRUYp3kM root@ubuntu-xenial (DSA)
<14>Jul  2 14:07:26 ec2: 256 SHA256:97lu2tUJt3fu6fEU6NiXG8ufa2RFFxX5l6MJDDulZbo root@ubuntu-xenial (ECDSA)
<14>Jul  2 14:07:26 ec2: 256 SHA256:YAQWOm5zoKAem37uXQDWOMkE2+FipBrZMh5VbfATU8M root@ubuntu-xenial (ED25519)
<14>Jul  2 14:07:26 ec2: 2048 SHA256:BZcVbQuE4QfupgQmBc1ezxX3aB1vITjcAZfgRq/EYhE root@ubuntu-xenial (RSA)
<14>Jul  2 14:07:26 ec2: -----END SSH HOST KEY FINGERPRINTS-----
<14>Jul  2 14:07:26 ec2: #############################################################
-----BEGIN SSH HOST KEY KEYS-----
ecdsa-sha2-nistp256 AAAAE2VjZHNhLXNoYTItbmlzdHAyNTYAAAAIbmlzdHAyNTYAAABBBF8DUnrSQ0csImQDQ0oJILMqUQyni+dEp0soVy2jEoU1ASuEKKIKbiAYQLtalaIDNrh9Z+UBESQApeipM2pgls0= root@ubuntu-xenial
ssh-ed25519 AAAAC3NzaC1lZDI1NTE5AAAAIKaeauc0qkIAPERJm+d2iUuY01qj+N8gHdv8VY4JgdPb root@ubuntu-xenial
ssh-rsa AAAAB3NzaC1yc2EAAAADAQABAAABAQDDbzxhowwmxFrK287UKNy+7vf1ELAe0mho5zeLpOafobe3rAS6ntKVX6PNUxF6AtPUdeHbvM6CcmsdU32mqVOdf1MuPtPX/H0NSY5V93iB4RQmXPIVlMhabCe5EekDzchxUIkUZ0bRSxbp/Gc6Q/BkIbIzI487rkDXgejGIZcAbyuWDH4f1Xw4dl1m5qkih1VeJVDFiVA2YUXMwPvAPSFD0vRKVqi6/8TbOuPqwF4w/rvVCc+bbnMwJHFKxvvnGIxP3pOrhte7fWNY7BN1H2QQKej1fD6S0p9J6Y/UfYRD4puSZbPiUixyOJr3MNFcowj0c1aAu1xVm89FuE+OLuiJ root@ubuntu-xenial
-----END SSH HOST KEY KEYS-----
[   24.283404] cloud-init[1291]: Cloud-init v. 18.2 running 'modules:final' at Mon, 02 Jul 2018 14:07:25 +0000. Up 23.69 seconds.
[   24.310923] cloud-init[1291]: ci-info: no authorized ssh keys fingerprints found for user ubuntu.
[   24.321075] cloud-init[1291]: Cloud-init v. 18.2 finished at Mon, 02 Jul 2018 14:07:26 +0000. Datasource DataSourceNoCloud [seed=/dev/sdb][dsmode=net].  Up 24.26 seconds
[[0;32m  OK  [0m] Started Execute cloud user/final scripts.
[[0;32m  OK  [0m] Reached target Cloud-init target.

Ubuntu 16.04.4 LTS ubuntu-xenial ttyS0

ubuntu-xenial login:          Stopping Sessu         Stopping LSB: MD monitoring daemon...
         Stopping D-Bus System Message Bus...
         Stopping Regular background program processing daemon...
         Stopping Virtualbox guest utils...
         Stopping LSB: automatic crash report generation...
         Stopping OpenBSD Secure Shell server...
         Stopping Deferred execution scheduler...
[[0;32m  OK  [0m] Unmounted /var/lib/lxcfs.
[[0;32m  OK  [0m] Stopped Deferred execution scheduler.
[[0;32m  OK  [0m] Stopped Accounts Service.
[[0;32m  OK  [0m] Stopped ACPI event daemon.
[[0;32m  OK  [0m] Stopped Regular background program processing daemon.
[[0;32m  OK  [0m] Stopped System Logging Service.
[[0;32m  OK  [0m] Stopped Authenticate and Authorize Users to Run Privileged Tasks.
[[0;32m  OK  [0m] Stopped Getty on tty1.
[[0;32m  OK  [0m] Stopped Serial Getty on ttyS0.
[[0;32m  OK  [0m] Stopped OpenBSD Secure Shell server.
[[0;32m  OK  [0m] Stopped User Manager for UID 1000.
[[0;32m  OK  [0m] Stopped Session 2 of user vagrant.
[[0;32m  OK  [0m] Stopped Snappy daemon.
[[0;32m  OK  [0m] Stopped Session 3 of user vagrant.
[[0;32m  OK  [0m] Stopped Unattended Upgrades Shutdown.
[[0;32m  OK  [0m] Stopped D-Bus System Message Bus.
[[0;32m  OK  [0m] Stopped FUSE filesystem for LXC.
[[0;32m  OK  [0m] Stopped LSB: Controls chronyd NTP time daemon.
[[0;32m  OK  [0m] Stopped LXD - container startup/shutdown.
[[0;32m  OK  [0m] Stopped LSB: MD monitoring daemon.
[[0;32m  OK  [0m] Stopped LSB: Set the CPU Frequency Scaling governor to "ondemand".
[[0;32m  OK  [0m] Stopped LSB: daemon to balance interrupts for SMP systems.
[[0;32m  OK  [0m] Stopped LSB: Record successful boot for GRUB.
[[0;32m  OK  [0m] Stopped LSB: automatic crash report generation.
[[0;32m  OK  [0m] Stopped Virtualbox guest utils.
[[0;32m  OK  [0m] Stopped puppetserver Service.
[[0;32m  OK  [0m] Stopped target System Time Synchronized.
[[0;32m  OK  [0m] Removed slice User Slice of vagrant.
         Stopping Login Service...
[[0;32m  OK  [0m] Removed slice system-serial\x2dgetty.slice.
         Stopping Permit User Sessions...
[[0;32m  OK  [0m] Stopped /etc/rc.local Compatibility.
[[0;32m  OK  [0m] Removed slice system-getty.slice.
[[0;32m  OK  [0m] Stopped Login Service.
[[0;32m  OK  [0m] Stopped Permit User Sessions.
[[0;32m  OK  [0m] Stopped target Remote File Systems.
[[0;32m  OK  [0m] Stopped target Remote File Systems (Pre).
         Stopping Login to default iSCSI targets...
[[0;32m  OK  [0m] Stopped target User and Group Name Lookups.
[[0;32m  OK  [0m] Stopped target Basic System.
[[0;32m  OK  [0m] Stopped target Sockets.
[[0;32m  OK  [0m] Closed Socket activation for snappy daemon.
[[0;32m  OK  [0m] Closed LXD - unix socket.
[[0;32m  OK  [0m] Closed UUID daemon activation socket.
[[0;32m  OK  [0m] Closed Syslog Socket.
[[0;32m  OK  [0m] Closed D-Bus System Message Bus Socket.
[[0;32m  OK  [0m] Closed ACPID Listen Socket.
[[0;32m  OK  [0m] Stopped target Paths.
[[0;32m  OK  [0m] Stopped Forward Password Requests to Wall Directory Watch.
[[0;32m  OK  [0m] Stopped Dispatch Password Requests to Console Directory Watch.
[[0;32m  OK  [0m] Stopped ACPI Events Check.
[[0;32m  OK  [0m] Stopped target System Initialization.
[[0;32m  OK  [0m] Stopped target Encrypted Volumes.
[[0;32m  OK  [0m] Stopped Commit a transient machine-id on disk.
[[0;32m  OK  [0m] Stopped target Swap.
         Stopping Load/Save Random Seed...
         Stopping Update UTMP about System Boot/Shutdown...
[[0;32m  OK  [0m] Stopped target Slices.
[[0;32m  OK  [0m] Removed slice User and Session Slice.
[[0;32m  OK  [0m] Stopped Load/Save Random Seed.
[[0;32m  OK  [0m] Stopped Login to default iSCSI targets.
[[0;32m  OK  [0m] Stopped Update UTMP about System Boot/Shutdown.
[[0;32m  OK  [0m] Stopped Create Volatile Files and Directories.
         Stopping iSCSI initiator daemon (iscsid)...
[[0;32m  OK  [0m] Stopped iSCSI initiator daemon (iscsid).
[[0;32m  OK  [0m] Stopped target Network is Online.
[[0;32m  OK  [0m] Stopped Initial cloud-init job (metadata service crawler).
[[0;32m  OK  [0m] Stopped target Network.
         Stopping Raise network interfaces...
[[0;32m  OK  [0m] Stopped Raise network interfaces.
[[0;32m  OK  [0m] Stopped target Network (Pre).
[[0;32m  OK  [0m] Stopped Initial cloud-init job (pre-networking).
[[0;32m  OK  [0m] Stopped target Local File Systems.
         Unmounting /vagrant...
         Unmounting /run/user/1000...
[[0;32m  OK  [0m] Stopped Apply Kernel Variables.
[[0;32m  OK  [0m] Stopped Load Kernel Modules.
[[0;32m  OK  [0m] Unmounted /vagrant.
[[0;32m  OK  [0m] Unmounted /run/user/1000.
[[0;32m  OK  [0m] Reached target Unmount All Filesystems.
[[0;32m  OK  [0m] Stopped target Local File Systems (Pre).
         Stopping Monitoring of LVM2 mirrors... dmeventd or progress polling...
[[0;32m  OK  [0m] Stopped Remount Root and Kernel File Systems.
[[0;32m  OK  [0m] Stopped Create Static Device Nodes in /dev.
[[0;32m  OK  [0m] Reached target Shutdown.
[  651.416640] reboot: Restarting system
[    0.0000Initiaizg croupsuyscpuset
[    0.000000] Initializing cgroup subsys cpu
[    0.000000] Initializing cgroup subsys cpuacct
[    0.000000] Linux version 4.4.0-119-generic (buildd@lcy01-amd64-013) (gcc version 5.4.0 20160609 (Ubuntu 5.4.0-6ubuntu1~16.04.9) ) #143-Ubuntu SMP Mon Apr 2 16:08:24 U 218 (Ubuntu 4.4.0-1.143-generic 4.4.114)
[    0.000000] Command line: BOOT_IMAGE=/boot/vmlinuz-4.4.0-119-generic root=UUID=64ac3f76-5f69-4be9-a256-9b774ce859b3 ro console=tty1 console=ttyS0
[    0.000000] KERNEL supported cpus:
[    0.000000]   Intl GenuiInel
[    0.000]   AMD AuthenticAMD
[    0.000000]   CenurCetaurHls
[    0.000000] x86/fpu: xste_offset[2]:  576, xstate_sze[2: 256
[    0.000000] x86/fpu: Supporting XSA feure 0x01: 'x87 floating pointrestss'
  0.000] 86fpu:Suorng XSAVE fatre 0x02 'SSE registers'
[   00000] x86/fpu: Suppoti XVE feaur0x4: 'X gistes'
[    0.00000 x86/fpu: Enabedstte ates 0x7, cntt ze i 832 bytes, using 'standard' format.
[   000000 x6/puUsing la' PU cte sitch.    0.000000 e0:BI-pvied psil AM m:[   .0000] BS-20 [me0x00000000000x00000009ff uble
[   00000] BIOS-e820:[mm 00000000fc00-00000000fff]eserv
   00000 BOS-e80:me 0x0000000f0000-0x0000000fffff] rseed
[  0.0000] BIOS-82 [em 0x0000000000100000-0x000000007ffeffff] usable
[    0.000000] BIOS-e820: [mem 0x000000007fff0000-0x000000007fffffff] ACPI data
[    0.000000] BIOS-e820: [mem 0x00000000fec00000-0x00000000fec00fff] rseved
[    0.00000] BIOS-e820: [mem 0x00000000fee000000-0x0000000fe00ff] reserved
[    0.000000] BIOS-e820: [mem 0x0000000ffc000-0000000fffff] reservd[   0.000000] NX (Execute Disable) protection:: active
[    0.000000] SMBIOS 2.5 prset.
[    0.000000] Hypervisor detected: KVM
[    0.0000 e220: last_pn  0x7ff0 ax_arch_pf =0x00000000
[    0.000000] MTRR: Disabled
[    0.000000] x86/PAT: MTRRs disabled, skipping PAT initializatonto.
[   .00000] CPU MTRRs all blank - virtualized system.
[   0.000000] x86/PAT: Configuration [0-7]: WB  WT  UC- UC  WB  WT  UC- UC  
[    0.00000] found SMP MP-table at [m 0x0009fff0-0x0009ffff] mapped at [ffff88000009fff0]
[    0.000000] Scanning 1 areas for low memory corrpton
[    0.0000]RAMDIS: me 0x362400-x370f9fff]
[    0.000000] ACPI: Early table checksum verification disabled
[    0.000000] ACPI: RSDP 0x00000000000E0000 000024 (v02 VBOX  )
[    0.000000 API XSDT 0x000000007FFF0030 00003C (v01 VBOX   VBOXXSDT 00000001 ASL  00000061)
[   0.000000] ACPI: FACP 0x000000007FFF00F00 0000F (04 VX   VBOXFACP 00000001 ASL  00000061)
[    0.000000] ACPI: DSDT 0x000000007FFF047 0021FF (v02 VBOX   VBOXBIO 000002 ITL2000528)
[    0.000000] AC: ACS 0x000007FFF0200 000040
[   0.0000] ACP: AC 0x0000000FF0200 000040
[    0.000000] ACPI: APIC 0x00000000FF240 00005C (v02 VBOX   VBOXAPIC 00000001 ASL  00000061)
[    0.000000] ACPI: SSDT 0x000000007FFF02A0 0001CC (v01 VBOX   VBOXCPUT 0000002 INTL 20100528)
[    0.000000] No UMA configuration ound
[    0.000000] Faking a node at [mem 0x0000000000000000-0x000000007ffeffff]
[    0.000000] NODE_DATA(0) allocated [mem 0x7ffeb000-0x7ffeffff]
[    0.000000] kvm-clock: Using msrs 4b564d01 and 4b564d00
[    0.000000] kvm-clock: cpu 0, msr 0:7ffe300, rimary cpu clock
[   0.0000] kv-clock: using sched offset of 660035684088 cycles
[    0.000000] clocksource: kvm-clock: mask: 0xffffffffffffffff max_cycles: 0x1cd42e4dffb, max_idle_ns: 881590591483 ns
[    0.00000] Zneranges
   0..000000]   DMA      [mem 0x0000000000001000-0x0000000000ffffff]
[    0.000000]   DMA32    [mem 0x0000000001000000-0x000000007ffeffff]
[   000000]   Normal   empty
[    0.000000]   Device   ept
   0.00000] ovale zone start for each node
[    0.000000] Early memory node anes
[    0.000000]   node   0: [mem 0x0000000000001000-0x000000000009efff]
[    0.000000]   node   0: [mem 0x0000000000100000-0x000000007ffeffff]
[    0.000000] Initmem setup node 0 [mem 0x0000000000001000-0x000000007ffeffff]
[    0.000000] ACP: PM-Timr IO or: 0x4008
[    0.000000] IOAPIC[0]: apic_id 2, version 32, address 0xec0000 GI -23
[    .000] ACPI: INT_RCVR(bus 0 bus_irq 0 gloal_irq 2 fldf)
[    0.000000] ACPI: INT_SRC_OVR (bus 0 bus_iq  gobal_irq 9 low level)
[    0.000000] Using ACPI (MADT) forSM configuration information
[    0.000000] smpboot: Allowing 2 CPUs, 0 hotplug CPUs
[    0.000000] PM: Registered nosave memory [em 0x000000-0x00000ff]
[   0.00000] P: egistred nosave memory: [mem 0x0009f000-0x0009ffff]
[    0.0000] PM: Reistered nosave memory: [mem 0x000a0000-0x000effff]
[    0.000000] PM: Registered nosave memory: [mem 0x000f0000-0x000fffff]
[    0.000000] e820: [mem x8000000-0xfebfffff] available for PCI devices
[   0.000000] Booting paravirtualized erel on KM[    0.000000] clocksource: refined-jiffies: mask: 0xffffffff max_cycles: 0xffffffff, max_idle_ns: 7645519600211568 ns
[    0.000000] setup_percpu: NR_CPUS:512 nr_cpumask_bits:512 nr_cpu_ids:2nrnode_ids:1
[    0.000000] PERCPU: Embedded 34 pages/cpu @ffff88007fc00000 s99544 r8192 d31528 u14876
[    0.000000] PV qspinlock hh able entries: 256 (order: 0, 4096 bytes)
[    0.000000] Built 1 zonelists in Node order, mobility grouping on.  Total pages: 515960
[   0.0000] Policy zone: DMA32
[    0.000000] Kernel command line: BOOT_IMAGE=/boot/vmlinuz-4.4.0-119-generic rot=UUID=64ac76-5f69-4be9-a256-9b774ce89b3ro cosole=tty cnsole=ttyS0
[    0.000000] PID hash table entries: 409 (order: 3, 32768 bytes)
[    0.000000] Memory 22996K/2096696K available (8532K kernel code, 1313K wdta 3996K rodaata, 108Kini, 1316K bss, 67300K reserved, 0K cma-esrved
[   .00000] SLUB: HWalign=64, Order=0-3, MinObjects=0, CPU=2, Nodes=1
[    0.00000] Kernel/User page tables isolation: enabled
[    0.000000] Hierarchical RCU implementation.
[    0.000000] 	Build-time adjustment of leaf fanout to 64.
[    0.000000] 	RCU restricting CPUs from NR_CPUS=512 to nr_cpu_ids=2.
[   0000000] RCU: Adjusting geomery for rcu_fanout_leaf=64, nr_cpu_ids=2
[    0.000000] NR_IRQS:3324 nr_irqs:440 16
[    0.000000] Console: colour VGA+ 80x25
[    0.000000] console [tty1] enabled
[    0.000000] console [ttyS0] enabed
[    0.000000] tsc: Detected 2495.998 MHz rocessor
[    7.133155] Calibrating delay loop (skipped) preset value.. 4991.99 BogoMIPS (lpj=9983992)
[    7.143773] pid_max: default: 32768 minimum: 301
[    7.155255] ACPI: Core revision 20150930
[    7.188896] ACPI: 2 ACPI AML tables successfully acquired and loaded
[    7.212416] Security Framework initialized
[    7.225624] Yama: becoming mindful.
[    7.237733] AppArmor: AppArmor initialized
[    7.248669] Dentry cache hash table entries: 262144 (order: 9, 2097152 bytes)
[    7.271426] Inode-cache hash table entries: 131072 (order: 8, 1048576 bytes)
[    7.291158] Mount-cache hash table entries: 4096 (order: 3, 32768 bytes)
[    7.297731] Mountpoint-cache hash table entries: 4096 (order: 3, 32768 bytes)
[    7.299830] Initializing cgroup subsys io
[    7.306445] Initializing cgroup subsys memory
[    7.317740] Initializing cgroup subsys devices
[    7.321908] Initializing cgroup subsys freezer
[    7.389336] Initializing cgroup subsys net_cls
[    7.466034] Initializing cgroup subsys perf_event
[    7.567794] Initializing cgroup subsys net_prio
[    7.616094] Initializing cgroup subsys hugetlb
[    7.622919] Initializing cgroup subsys pids
[    7.624392] CPU: Physical Processor ID: 0
[    7.625728] CPU: Processor Core ID: 0
[    7.635832] FEATURE SPEC_CTRL Not Present
[    7.655396] mce: CPU supports 0 MCE banks
[    7.682206] Last level iTLB entries: 4KB 64, 2MB 8, 4MB 8
[    7.707426] Last level dTLB entries: 4KB 64, 2MB 0, 4MB 0, 1GB 4
[    7.732349] Spectre V2 mitigation: Mitigation: Full generic retpoline
[    7.763221] Spectre V2 mitigation: Speculation control IBPB not-supported IBRS not-supported
[    7.789741] Spectre V2 mitigation: Filling RSB on context switch
[    7.824217] Freeing SMP alternatives memory: 32K
[    7.852624] ftrace: allocating 32195 entries in 126 pages
[    7.934618] smpboot: APIC(0) Converting physical 0 to logical package 0
[    7.953293] smpboot: Max logical packages: 1
[    7.966142] x2apic enabled
[    7.978008] Switched APIC routing to physical x2apic.
[    7.991327] ..TIMER: vector=0x30 apic1=0 pin1=2 apic2=-1 pin2=-1
[    8.157475] smpboot: CPU0: Intel(R) Core(TM) i7-7660U CPU @ 2.50GHz (family: 0x6, model: 0x8e, stepping: 0x9)
[    8.199691] Performance Events: unsupported p6 CPU model 142 no PMU driver, software events only.
[    8.251133] KVM setup paravirtual spinlock
[    8.255741] x86: Booting SMP configuration:
[    8.301492] .... node  #0, CPUs:      #1
[    8.326005] kvm-clock: cpu 1, msr 0:7ffe3041, secondary cpu clock
[    8.343052] mce: CPU supports 0 MCE banks
[    8.348189] x86: Booted up 1 node, 2 CPUs
[    8.424626] smpboot: Total of 2 processors activated (9983.99 BogoMIPS)
[    8.500354] devtmpfs: initialized
[    8.503002] evm: security.selinux
[    8.504064] evm: security.SMACK64
[    8.505039] evm: security.SMACK64EXEC
[    8.552031] evm: security.SMACK64TRANSMUTE
[    8.553209] evm: security.SMACK64MMAP
[    8.554205] evm: security.ima
[    8.555084] evm: security.capability
[    8.611491] clocksource: jiffies: mask: 0xffffffff max_cycles: 0xffffffff, max_idle_ns: 7645041785100000 ns
[    8.621225] futex hash table entries: 512 (order: 3, 32768 bytes)
[    8.626079] pinctrl core: initialized pinctrl subsystem
[    8.633194] RTC time: 14:17:57, date: 07/02/18
[    8.651582] NET: Registered protocol family 16
[    8.670885] cpuidle: using governor ladder
[    8.695371] cpuidle: using governor menu
[    8.738989] PCCT header not found.
[    8.754408] ACPI: bus type PCI registered
[    8.760968] acpiphp: ACPI Hot Plug PCI Controller Driver version: 0.5
[    8.770457] PCI: Using configuration type 1 for base access
[    8.787144] ACPI: Added _OSI(Module Device)
[    8.810463] ACPI: Added _OSI(Processor Device)
[    8.819283] ACPI: Added _OSI(3.0 _SCP Extensions)
[    8.850476] ACPI: Added _OSI(Processor Aggregator Device)
[    8.894563] ACPI: Executed 1 blocks of module-level executable AML code
[    8.966897] ACPI: Interpreter enabled
[    9.020081] ACPI: (supports S0 S5)
[    9.070503] ACPI: Using IOAPIC for interrupt routing
[    9.117877] PCI: Using host bridge windows from ACPI; if necessary, use "pci=nocrs" and report a bug
[    9.144960] ACPI: PCI Root Bridge [PCI0] (domain 0000 [bus 00-ff])
[    9.163578] acpi PNP0A03:00: _OSC: OS supports [ASPM ClockPM Segments MSI]
[    9.170390] acpi PNP0A03:00: _OSC: not requesting OS control; OS requires [ExtendedConfig ASPM ClockPM MSI]
[    9.188977] acpi PNP0A03:00: fail to add MMCONFIG information, can't access extended PCI configuration space under this bridge.
[    9.203939] PCI host bridge to bus 0000:00
[    9.209113] pci_bus 0000:00: root bus resource [io  0x0000-0x0cf7 window]
[    9.248042] pci_bus 0000:00: root bus resource [io  0x0d00-0xffff window]
[    9.249722] pci_bus 0000:00: root bus resource [mem 0x000a0000-0x000bffff window]
[    9.280205] pci_bus 0000:00: root bus resource [mem 0x80000000-0xfdffffff window]
[    9.289786] pci_bus 0000:00: root bus resource [bus 00-ff]
[    9.306559] pci 0000:00:01.1: legacy IDE quirk: reg 0x10: [io  0x01f0-0x01f7]
[    9.357649] pci 0000:00:01.1: legacy IDE quirk: reg 0x14: [io  0x03f6]
[    9.381188] pci 0000:00:01.1: legacy IDE quirk: reg 0x18: [io  0x0170-0x0177]
[    9.403616] pci 0000:00:01.1: legacy IDE quirk: reg 0x1c: [io  0x0376]
[    9.453006] pci 0000:00:07.0: quirk: [io  0x4000-0x403f] claimed by PIIX4 ACPI
[    9.479815] pci 0000:00:07.0: quirk: [io  0x4100-0x410f] claimed by PIIX4 SMB
[    9.508719] ACPI: PCI Interrupt Link [LNKA] (IRQs 5 9 10 *11)
[    9.522728] ACPI: PCI Interrupt Link [LNKB] (IRQs 5 9 *10 11)
[    9.546884] ACPI: PCI Interrupt Link [LNKC] (IRQs 5 *9 10 11)
[    9.578360] ACPI: PCI Interrupt Link [LNKD] (IRQs 5 9 10 *11)
[    9.580336] ACPI: Enabled 2 GPEs in block 00 to 07
[    9.594532] vgaarb: setting as boot device: PCI:0000:00:02.0
[    9.608157] vgaarb: device added: PCI:0000:00:02.0,decodes=io+mem,owns=io+mem,locks=none
[    9.632398] vgaarb: loaded
[    9.633230] vgaarb: bridge control possible 0000:00:02.0
[    9.648095] SCSI subsystem initialized
[    9.650811] ACPI: bus type USB registered
[    9.654683] usbcore: registered new interface driver usbfs
[    9.685507] usbcore: registered new interface driver hub
[    9.709726] usbcore: registered new device driver usb
[    9.714235] PCI: Using ACPI for IRQ routing
[    9.717738] NetLabel: Initializing
[    9.737689] NetLabel:  domain hash size = 128
[    9.738870] NetLabel:  protocols = UNLABELED CIPSOv4
[    9.743023] NetLabel:  unlabeled traffic allowed by default
[    9.777372] amd_nb: Cannot enumerate AMD northbridges
[    9.818629] clocksource: Switched to clocksource kvm-clock
[    9825591] AppArmor: AppArmor Filesstm Enabled
[    9.901322] pnp: PnP ACPI init
[   .90342] p:PnP ACPI: found 3 devices

[ 10.068210] clocsource: acpi_pm ma: xffff axcyes: 0xffffff, max_idle_ns:085701024 ns
[   1.4772] NET: Registre potco faily 
[   10.781720] TCPesablished ashtale entries: 1638 (order: 5, 131072 bytes)

[   10.986075] TCP bind hash table entries: 16384 (order: 6, 262144 btes)
[   11.014520] TCP: Hash tables configued (stblished 16384 bind 16384)
[   11.0984] UDP hash table entries: 1024 (order: 3, 32768 yts)
[   11.200937] UDP-Lite hash tabe entries: 1024 (orde: 3 3768 ytes)
   11.339558] NET: Registered protocol family 1
[   11.368618] pci 0000:00:00.0: Limiting direct PCI/PCI transfers
[   11.370446] pci 0000:00:01. Activating ISA DMA hang workarounds
[  1.4630]Unpacking intrmfs...

[   11.904773] Freeing initrd memory: 15320K
[   11.907944] platform rtc_cmos: registered platform RTC device (no PNP device found)
[   11.932530] Scanning for low memory corruption every 60 seconds
[   11.934998] audit: initializing netlink subsys (disabled)
[   11.944551] audit: type=2000 audit(1530547252.399:1): initialized
[   11.964383] Initialise system trusted keyring
[   11.984279] HugeTLB registered 2 MB page size, pre-allocated 0 pages
[   12.018798] zbud: loaded
[   12.024133] VFS: Disk quotas dquot_6.6.0
[   12.047663] VFS: Dquot-cache hash table entries: 512 (order 0, 4096 bytes)
[   12.080036] squashfs: version 4.0 (2009/01/31) Phillip Lougher
[   12.092770] fuse init (API version 7.23)
[   12.107548] Key type big_key registered
[   12.113147] Allocating IMA MOK and blacklist keyrings.
[   12.123037] Key type asymmetric registered
[   12.127924] Asymmetric key parser 'x509' registered
[   12.136937] Block layer SCSI generic (bsg) driver version 0.4 loaded (major 249)
[   12.156341] io scheduler noop registered
[   12.185279] io scheduler deadline registered (default)
[   12.204795] io scheduler cfq registered
[   12.207504] pci_hotplug: PCI Hot Plug PCI Core version: 0.5
[   12.216823] pciehp: PCI Express Hot Plug Controller Driver version: 0.4
[   12.253637] ACPI: AC Adapter [AC] (off-line)
[   12.262284] input: Power Button as /devices/LNXSYSTM:00/LNXPWRBN:00/input/input0
[   12.279485] ACPI: Power Button [PWRF]
[   12.287226] input: Sleep Button as /devices/LNXSYSTM:00/LNXSLPBN:00/input/input1
[   12.302198] ACPI: Sleep Button [SLPF]
[   12.324517] ACPI: Battery Slot [BAT0] (battery present)
[   12.337969] GHES: HEST is not enabled!
[   12.339417] Serial: 8250/16550 driver, 32 ports, IRQ sharing enabled
[   12.367176] 00:02: ttyS0 at I/O 0x3f8 (irq = 4, base_baud = 115200) is a 16550A
[   12.397247] Linux agpgart interface v0.103
[   12.432422] loop: module loaded
[   12.437168] scsi host0: ata_piix
[   12.445141] scsi host1: ata_piix
[   12.446715] ata1: PATA max UDMA/33 cmd 0x1f0 ctl 0x3f6 bmdma 0xd000 irq 14
[   12.457525] ata2: PATA max UDMA/33 cmd 0x170 ctl 0x376 bmdma 0xd008 irq 15
[   12.460027] libphy: Fixed MDIO Bus: probed
[   12.472477] tun: Universal TUN/TAP device driver, 1.6
[   12.490983] tun: (C) 1999-2004 Max Krasnyansky <maxk@qualcomm.com>
[   12.498039] PPP generic driver version 2.4.2
[   12.506806] ehci_hcd: USB 2.0 'Enhanced' Host Controller (EHCI) Driver
[   12.527237] ehci-pci: EHCI PCI platform driver
[   12.534665] ehci-platform: EHCI generic platform driver
[   12.543843] ohci_hcd: USB 1.1 'Open' Host Controller (OHCI) Driver
[   12.548594] ohci-pci: OHCI PCI platform driver
[   12.552607] ohci-platform: OHCI generic platform driver
[   12.558537] uhci_hcd: USB Universal Host Controller Interface driver
[   12.577215] i8042: PNP: PS/2 Controller [PNP0303:PS2K,PNP0f03:PS2M] at 0x60,0x64 irq 1,12
[   12.582406] serio: i8042 KBD port at 0x60,0x64 irq 1
[   12.596356] serio: i8042 AUX port at 0x60,0x64 irq 12
[   12.712759] mousedev: PS/2 mouse device common for all mice
[   12.744757] input: AT Translated Set 2 keyboard as /devices/platform/i8042/serio0/input/input2
[   12.786460] rtc_cmos rtc_cmos: rtc core: registered rtc_cmos as rtc0
[   12.800111] rtc_cmos rtc_cmos: alarms up to one day, 114 bytes nvram
[   12.807446] i2c /dev entries driver
[   12.809874] device-mapper: uevent: version 1.0.3
[   12.822897] device-mapper: ioctl: 4.34.0-ioctl (2015-10-28) initialised: dm-devel@redhat.com
[   12.832097] ledtrig-cpu: registered to indicate activity on CPUs
[   12.844334] NET: Registered protocol family 10
[   12.906714] tsc: Refined TSC clocksource calibration: 2495.377 MHz
[   12.906716] clocksource: tsc: mask: 0xffffffffffffffff max_cycles: 0x23f82a90c2c, max_idle_ns: 440795214071 ns
[   13.040282] NET: Registered protocol family 17
[   13.047583] Key type dns_resolver registered
[   13.049169] registered taskstats version 1
[   13.050529] Loading compiled-in X.509 certificates
[   13.054174] Loaded X.509 cert 'Build time autogenerated kernel key: f854e06633b5f496ced5b2e02c7b14f761b69302'
[   13.062597] zswap: loaded using pool lzo/zbud
[   13.085616] Key type trusted registered
[   13.101032] Key type encrypted registered
[   13.104424] AppArmor: AppArmor sha1 policy hashing enabled
[   13.105998] ima: No TPM chip found, activating TPM-bypass!
[   13.124474] evm: HMAC attrs: 0x1
[   13.132652]   Magic number: 10:359:282
[   13.138050] tty tty19: hash matches
[   13.147307] rtc_cmos rtc_cmos: setting system clock to 2018-07-02 14:18:02 UTC (1530541082)
[   13.160389] BIOS EDD facility v0.16 2004-Jun-25, 0 devices found
[   13.176685] EDD information not available.
[   13.189762] Freeing unused kernel memory: 1508K
[   13.227429] Write protecting the kernel read-only data: 14336k
[   13.236997] Freeing unused kernel memory: 1696K
[   13.242617] Freeing unused kernel memory: 100K
Loading, please [   13.260535] random: systemd-udevd: uninitialized urandom read (16 bytes read, 5 bits of entropy available)
wait...
starting version 229
[   13.261321] random: udevadm: uninitialized urandom read (16 bytes read, 5 bits of entropy available)
[   13.261341] random: udevadm: uninitialized urandom read (16 bytes read, 5 bits of entropy available)
[   13.268767] random: udevadm: uninitialized urandom read (16 bytes read, 5 bits of entropy available)
[   13.268801] random: udevadm: uninitialized urandom read (16 bytes read, 5 bits of entropy available)
[   13.268944] random: udevadm: uninitialized urandom read (16 bytes read, 5 bits of entropy available)
[   13.268999] random: udevadm: uninitialized urandom read (16 bytes read, 5 bits of entropy available)
[   13.269052] random: udevadm: uninitialized urandom read (16 bytes read, 5 bits of entropy available)
[   13.269104] random: udevadm: uninitialized urandom read (16 bytes read, 5 bits of entropy available)
[   13.269154] random: udevadm: uninitialized urandom read (16 bytes read, 5 bits of entropy available)
[   13.465404] e1000: Intel(R) PRO/1000 Network Driver - version 7.3.21-k8-NAPI
[   13.470851] e1000: Copyright (c) 1999-2006 Intel Corporation.
[   13.481232] Fusion MPT base driver 3.04.20
[   13.487499] Copyright (c) 1999-2008 LSI Corporation
[   13.528013] AVX2 version of gcm_enc/dec engaged.
[   13.535437] AES CTR mode by8 optimization enabled
[   13.552685] Fusion MPT SPI Host driver 3.04.20
[   13.738395] input: ImExPS/2 Generic Explorer Mouse as /devices/platform/i8042/serio1/input/input4
[   13.970806] e1000 0000:00:03.0 eth0: (PCI:33MHz:32-bit) 02:62:8c:65:d6:7a
[   14.003944] e1000 0000:00:03.0 eth0: Intel(R) PRO/1000 Network Connection
[   14.045314] mptbase: ioc0: Initiating bringup
[   14.959474] ioc0: LSI53C1030 A0: Capabilities={Initiator}
[   16.083171] scsi host2: ioc0: LSI53C1030 A0, FwRev=00000000h, Ports=1, MaxQ=256, IRQ=20
[   17.048464] floppy0: no floppy controllers found
[   17.181769] scsi 2:0:0:0: Direct-Access     VBOX     HARDDISK         1.0  PQ: 0 ANSI: 5
[   17.209698] scsi target2:0:0: Beginning Domain Validation
[   17.232215] scsi target2:0:0: Domain Validation skipping write tests
[   17.258230] scsi target2:0:0: Ending Domain Validation
[   17.261069] scsi target2:0:0: asynchronous
[   17.283089] scsi 2:0:1:0: Direct-Access     VBOX     HARDDISK         1.0  PQ: 0 ANSI: 5
[   17.319058] scsi target2:0:1: Beginning Domain Validation
[   17.336056] scsi target2:0:1: Domain Validation skipping write tests
[   17.353573] scsi target2:0:1: Ending Domain Validation
[   17.374703] scsi target2:0:1: asynchronous
[   17.503704] sd 2:0:0:0: Attached scsi generic sg0 type 0
[   17.504352] sd 2:0:0:0: [sda] 20971520 512-byte logical blocks: (10.7 GB/10.0 GiB)
[   17.504600] sd 2:0:0:0: [sda] Write Protect is off
[   17.510004] sd 2:0:0:0: [sda] Incomplete mode parameter data
[   17.510006] sd 2:0:0:0: [sda] Assuming drive cache: write through
[   17.537698] sd 2:0:1:0: Attached scsi generic sg1 type 0
[   17.540640] sd 2:0:1:0: [sdb] 20480 512-byte logical blocks: (10.5 MB/10.0 MiB)
[   17.544475] sd 2:0:1:0: [sdb] Write Protect is off
[   17.548467] sd 2:0:1:0: [sdb] Incomplete mode parameter data
[   17.552270] sd 2:0:1:0: [sdb] Assuming drive cache: write through
[   17.563059]  sda: sda1
[   17.571736] sd 2:0:0:0: [sda] Attached SCSI disk
[   17.576802] sd 2:0:1:0: [sdb] Attached SCSI disk
[   17.705196] e1000 0000:00:08.0 eth1: (PCI:33MHz:32-bit) 08:00:27:4b:d3:fe
[   17.747831] e1000 0000:00:08.0 eth1: Intel(R) PRO/1000 Network Connection
[   17.751502] e1000 0000:00:03.0 enp0s3: renamed from eth0
[   17.775420] e1000 0000:00:08.0 enp0s8: renamed from eth1
Begin: Loading e[   19.094494] md: linear personality registered for level -1
ssential drivers ... [   19.170496] md: multipath personality registered for level -4
[   19.269544] md: raid0 personality registered for level 0
[   19.317849] md: raid1 personality registered for level 1
[   19.454684] raid6: sse2x1   gen()  7150 MB/s
[   19.575012] raid6: sse2x1   xor()  6091 MB/s
[   19.671355] raid6: sse2x2   gen()  8547 MB/s
[   19.774777] raid6: sse2x2   xor()  8588 MB/s
[   19.870854] raid6: sse2x4   gen() 15632 MB/s
[   19.950878] raid6: sse2x4   xor() 10221 MB/s
[   20.050728] raid6: avx2x1   gen() 20162 MB/s
[   20.154863] raid6: avx2x2   gen() 24570 MB/s
[   20.238858] raid6: avx2x4   gen() 26233 MB/s
[   20.251955] raid6: using algorithm avx2x4 gen() 26233 MB/s
[   20.286966] raid6: using avx2x2 recovery algorithm
[   20.324962] xor: automatically using best checksumming function:
[   20.446811]    avx       : 23946.000 MB/sec
[   20.509681] async_tx: api initialized (async)
[   20.579150] md: raid6 personality registered for level 6
[   20.611614] md: raid5 personality registered for level 5
[   20.635730] md: raid4 personality registered for level 4
[   20.660797] md: raid10 personality registered for level 10
done.
Begin: Running /scripts/init-premount ... done.
Begin: Mounti[   20.729814] Btrfs loaded
ng root file system ... Begin: Running /scripts/[   20.778499] EXT4-fs (sda1): mounted filesystem with ordered data mode. Opts: (null)
local-top ... done.
Begin: Running /scripts/local-premount ... Scanning for Btrfs filesystems
done.
Warning: fsck not present, so skipping root file system
done.
Begin: Running /scripts/local-bottom ... done.
Begin: Running /scripts/init-bottom ... done.
[   20.942951] systemd[1]: systemd 229 running in system mode. (+PAM +AUDIT +SELINUX +IMA +APPARMOR +SMACK +SYSVINIT +UTMP +LIBCRYPTSETUP +GCRYPT +GNUTLS +ACL +XZ -LZ4 +SECCOMP +BLKID +ELFUTILS +KMOD -IDN)
[   21.028446] systemd[1]: Detected virtualization oracle.
[   21.036049] systemd[1]: Detected architecture x86-64.

Welcome to [1mUbuntu 16.04.4 LTS[0m!

[   21.059786] systemd[1]: Set hostname to <puppet-master>.
[   21.330278] systemd[1]: Set up automount Arbitrary Executable File Formats File System Automount Point.
[[0;32m  OK  [0m] Set up automount Arbitrary Executab...ats File System Automount Point.
[   2.46926] syted[]:Listeningn de/initctl Compatibility Named Pipe.

[[0;32m  OK  [0m] Listening on /dev/initctl Compatibility Named Pipe.
[   21.764530] systemd[1]: Started Trigger resolvconf upat for networkd DNS.

[[0;32m  OK  [0m] Started Trigger resolvconf update for networkd DNS.
[   21.9120] sstemd[1] Created slice System Slice.
[[0;32m  OK  [0m] Created slice System Slice.
[  22.119238] sstd[1]: Reahe target Encrypted Volumes.

[[0;32m  OK  [0m] Reached target Encrypted Volumes.
[  2.3218] ysmd1]: Liseng n evonol Socket.

[[0;32m  OK  [0m] Listening on udev Control Socket.
[ 227764] systemd[1]: Started Forward Password Requests to Wall Directory Watch.
[[0;32m  OK  [0m] Started Forward Password Requests to Wall Directory Watch.
[  22.931195] systed[: Listening on Journa AuditSoke
[[0;32m  OK  [0m] Listening on Journal Audit Socket.
[  232594systemd[1] LtenngonDevceapr vet em FOs

[[0;32m  OK  [0m] Listening on Device-mapper event daemon FIFOs.
[  297142] system1]Lieng n everel Socket.

[[0;32m  OK  [0m] Listening on udev Kernel Socket.
[   24.492391]syte[1 Catd li Ur d ession Slice.

[[0;32m  OK  [0m] Created slice User and Session Slice.
[   4.9297 systemd[1]: Reahed rgt ics.

[[0;32m  OK  [0m] Reached target Slices.
[  2.3309]systemd[1]: Listening on Journal Socket.

[[0;32m  OK  [0m] Listening on Journal Socket.
[   25.499591] systemd[1]: Mounting Huge Pages File System...
[   25.527926] random: nonblocking pool is initialized
         Mounting Huge Pages File System...
[   25.593231] systemd[1]: Starting Set console keymap...
         Starting Set console keymap...
[   25.637372] systemd[1]: Starting Nameserver information manager...
         Starting Nameserver information manager...
[   25.703003] systemd[1]: Starting Create list of required static device nodes for the current kernel...
         Starting Create list of required st... nodes for the current kernel...
[   25.799974] systemd[1]: Starting Load Kernel Modules...
         Starting Load Kernel Modules...[   25.914153] Loading iSCSI transport class v2.0-870.

[   26.015607] systemd[1]: Reached target User and Group Name Lookups.
[[0;32m  OK  [0[   26.065814] iscsi: registered transport (tcp)
m] Reached target User and Group Name Lookups.
[   27.072011] iscsi: registered transport (iser)
[   27.275711] systemd[1]: Listening on Journal Socket (/dev/log).
[[0;32m  OK  [0m] Listening on Journal Socket (/dev/log).
[   27.348031] systemd[1]: Listening on LVM2 poll daemon socket.
[[0;32m  OK  [0m] Listening on LVM2 poll daemon socket.
[   27.468156] systemd[1]: Created slice system-serial\x2dgetty.slice.
[[0;32m  OK  [0m] Created slice system-serial\x2dgetty.slice.
[   27.542310] systemd[1]: Reached target System Time Synchronized.
[[0;32m  OK  [0m] Reached target System Time Synchronized.
[   27.670924] systemd[1]: Mounting Debug File System...
         Mounting Debug File System...
[   27.727528] systemd[1]: Listening on Syslog Socket.
[[0;32m  OK  [0m] Listening on Syslog Socket.
[   27.799081] systemd[1]: Starting Journal Service...
         Starting Journal Service...
[   27.873704] systemd[1]: Reached target Swap.
[[0;32m  OK  [0m] Reached target Swap.
[   27.958846] systemd[1]: Starting Remount Root and Kernel File Systems...
[   279766 E4- (da: -mnt. pt: nul)

         Starting Remount Root and Kernel File Systems...
[   28.582924] systemd[1]: Listening on LVM2 metadata daemon socket.
[[0;32m  OK  [0m] Listening on LVM2 metadata daemon socket.
[   28.718918] systemd[1]: Starting Monitoring of LVM2 mirrors, snapshots etc. using dmeventd or progress polling...
         Starting Monitoring of LVM2 mirrors... dmeventd or progress polling...
[   28.923300] systemd[1]: Starting Uncomplicated firewall...
         Starting Uncomplicated firewall...
[   29.031321] systemd[1]: Mounting POSIX Message Queue File System...
         Mounting POSIX Message Queue File System...
[   29.199881] systemd[1]: Mounted POSIX Message Queue File System.
[[0;32m  OK  [0m] Mounted POSIX Message Queue File System.
[   29.269396] systemd[1]: Mounted Huge Pages File System.
[[0;32m  OK  [0m] Mounted Huge Pages File System.
[   29.297052] systemd[1]: Mounted Debug File System.
[[0;32m  OK  [0m] Mounted Debug File System.
[   29.363334] systemd[1]: Started Journal Service.
[[0;32m  OK  [0m] Started Journal Service.
[[0;32m  OK  [0m] Started Set console keymap.
[[0;32m  OK  [0m] Started Create list of required sta...ce nodes for the current kernel.
[[0;32m  OK  [0m] Started Load Kernel Modules.
[[0;32m  OK  [0m] Started Remount Root and Kernel File Systems.
[[0;32m  OK  [0m] Started Uncomplicated firewall.
[[0;32m  OK  [0m] Started Nameserver information manager.
[[0;32m  OK  [0m] Started LVM2 metadata daemon.
         Starting Initial cloud-init job (pre-networking)...
         Starting Load/Save Random Seed...
         Starting udev Coldplug all Devices...
         Starting Apply Kernel Variables...
         Mounting FUSE Control File System...
         Starting Create Static Device Nodes in /dev...
         Starting Flush Journal to Persistent Storage...
[[0;32m  OK  [0m] Mounted FUSE Control File System.
[[0;32m  OK  [0m] Started Monitoring of LVM2 mirrors,...ng dmeventd or progress polling.
[[0;32m  OK  [0m] Started Load/Save Random Seed.
[[0;32m  OK  [0m] Started Apply Kernel Variables.
[[0;32m  OK  [0m] Started Create Static Device Nodes in /dev.
[[0;32m  OK  [0m] Started udev Coldplug all Devices.
         Starting udev Kernel Device Manager...
[[0;32m  OK  [0m] Started Flush Journal to Persistent Storage.
[[0;32m  OK  [0m] Started udev Kernel Device Manager.
[[0;32m  OK  [0m] Reached target Local File Systems (Pre).
[[0;32m  OK  [0m] Reached target Local File Systems.
         Starting Set console font and keymap...
         Starting Tell Plymouth To Write Out Runtime Data...
         Starting LSB: AppArmor initialization...
[[0;32m  OK  [0m] Started Dispatch Password Requests to Console Directory Watch.
         Starting Create Volatile Files and Directories...
[[0;32m  OK  [0m] Started Tell Plymouth To Write Out Runtime Data.
[[0;32m  OK  [0m] Started Create Volatile Files and Directories.
[   21.942916] cloud-init[452]: Cloud-init v. 18.2 running 'init-local' at Mon, 02 Jul 2018 14:18:19 +0000. Up 21.38 seconds.
[[0;32m  OK  [0m] Found device /dev/ttyS0.
         Starting Update UTMP about System Boot/Shutdown...
[[0;32m  OK  [0m] Started Initial cloud-init job (pre-networking).
[[0;32m  OK  [0m] Started LSB: AppArmor initialization.
[[0;32m  OK  [0m] Started Set console font and keymap.
[[0;32m  OK  [0m] Started Update UTMP about System Boot/Shutdown.
[[0;32m  OK  [0m] Listening on Load/Save RF Kill Switch Status /dev/rfkill Watch.
[[0;32m  OK  [0m] Created slice system-getty.slice.
[[0;32m  OK  [0m] Reached target Network (Pre).
         Starting Raise network interfaces...
[[0;32m  OK  [0m] Started ifup for enp0s3.
[[0;32m  OK  [0m] Started ifup for enp0s8.
[[0;32m  OK  [0m] Started Raise network interfaces.
[[0;32m  OK  [0m] Reached target Network.
         Starting Initial cloud-init job (metadata service crawler)...
[   25.349889] cloud-init[1105]: Cloud-init v. 18.2 running 'init' at Mon, 02 Jul 2018 14:18:23 +0000. Up 24.98 seconds.
[   25.404908] [cloud-init[0;32m  OK  [0m[1105]: ] ci-info: ++++++++++++++++++++++++++++++++++++++Net device info++++++++++++++++++++++++++++++++++++++Started Initial cloud-init job (metadata service crawler).

[   25.406011] [cloud-init[0;32m  OK  [0m[1105]: ] ci-info: +--------+------+-----------------------------+---------------+-------+-------------------+Reached target Network is Online.

[   25.609273]          cloud-initStarting iSCSI initiator daemon (iscsid)...[1105]: 
ci-info: | Device |  Up  |           Address           |      Mask     | Scope |     Hw-Address    |
[   25.713410] [[0;32m  OK  [0m] Reached target Cloud-config availability.
[[0;32m  OK  [0m] Reached target System Initialization.
cloud-init[1105]: ci-info: +--------+------+-----------------------------+---------------+-------+-------------------+
[   25.717577] cloud-init[1105]: ci-info: | enp0s3 | True |          10.0.2.15          | 255.255.255.0 |   .   | 02:62:8c:65:d6:7a |
[   25.837567] [cloud-init[0;32m  OK  [0m[1105]: ] ci-info: | enp0s3 | True |  fe80::62:8cff:fe65:d67a/64 |       .       |  link | 02:62:8c:65:d6:7a |Started ACPI Events Check.

[   25.838392] cloud-init[1105]: ci-info: | enp0s8 | True |        192.168.56.100       | 255.255.255.0 |   .   | 08:00:27:4b:d3:fe |
[[0;32m  OK  [0m] Reached target Paths.
[   26.008622] [cloud-init[0;32m  OK  [0m[1105]: ] ci-info: | enp0s8 | True | fe80::a00:27ff:fe4b:d3fe/64 |       .       |  link | 08:00:27:4b:d3:fe |Started Daily Cleanup of Temporary Directories.

[   26.009432] [[0;32m  OK  [0m] Listening on ACPID Listen Socket.
[[0;32m  OK  [0m] Listening on UUID daemon activation socket.
cloud-init[1105]: ci-info: |   lo   | True |          127.0.0.1          |   255.0.0.0   |   .   |         .         |
[   26.184491]          cloud-initStarting LXD - unix socket.[1105]: 
ci-info: |   lo   | True |           ::1/128           |       .       |  host |         .         |
[[0;32m  OK  [0m] Listening on D-Bus System Message Bus Socket.
[   26.185297] [cloud-init[0;32m  OK  [0m[1105]: ] ci-info: +--------+------+-----------------------------+---------------+-------+-------------------+Started Daily apt download activities.

[   26.496572] [[0;32m  OK  [0m] Started Daily apt upgrade and clean activities.
[[0;32m  OK  [0m] Reached target Timers.
cloud-init[1105]: ci-info: ++++++++++++++++++++++++++++Route IPv4 info++++++++++++++++++++++++++++
[   26.681190]          cloud-initStarting Socket activation for snappy daemon.[1105]: 
ci-info: +-------+--------------+----------+---------------+-----------+-------+
[   26.682021] cloud-init[1105]: ci-info: | Route | Destination  | Gateway  |    Genmask    | Interface | Flags |
[   26.799463] cloud-init[1105]: ci-info: +-------+--------------+----------+---------------+-----------+-------+
[[0;32m  OK  [0m] Listening on LXD - unix socket.
[   27.006660] cloud-init[1105]: ci-info: |   0   |   0.0.0.0    | 10.0.2.2 |    0.0.0.0    |   enp0s3  |   UG  |
[[0;32m  OK  [0m] Listening on Socket activation for snappy daemon.
[[0;32m  OK  [0m] Started iSCSI initiator daemon (iscsid).
[   27.008724] cloud-init[1105]: ci-info: |   1   |   10.0.2.0   | 0.0.0.0  | 255.255.255.0 |   enp0s3  |   U   |
[   27.156516]          cloud-initStarting Login to default iSCSI targets...[1105]: 
ci-info: |   2   | 192.168.56.0 | 0.0.0.0  | 255.255.255.0 |   enp0s8  |   U   |
[   27.306368] [cloud-init[0;32m  OK  [0m[1105]: ] ci-info: +-------+--------------+----------+---------------+-----------+-------+Reached target Sockets.

[[0;32m  OK  [0m] Reached target Basic System.
         Starting Login Service...
         Starting /etc/rc.local Compatibility...
         Starting Apply the settings specified in cloud-config...
[[0;32m  OK  [0m] Started D-Bus System Message Bus.
         Starting System Logging Service...
         Starting LSB: MD monitoring daemon...
[[0;32m  OK  [0m] Started Puppet agent.
         Starting LSB: Record successful boot for GRUB...
[[0;32m  OK  [0m] Started FUSE filesystem for LXC.
         Starting puppetserver Service...
         Starting Virtualbox guest utils...
         Starting OpenBSD Secure Shell server...
[[0;32m  OK  [0m] Started Unattended Upgrades Shutdown.
         Starting Snappy daemon...
[[0;32m  OK  [0m] Started Regular background program processing daemon.
         Starting The Marionette Collective...
[[0;32m  OK  [0m] Started ACPI event daemon.
[   28.414854] cloud-init[1170]: Cloud-init v. 18.2 running 'modules:config' at Mon, 02 Jul 2018 14:18:26 +0000. Up 28.05 seconds.
         Starting Accounts Service...
[[0;32m  OK  [0m] Started Deferred execution scheduler.
         Starting LXD - container startup/shutdown...
[[0;32m  OK  [0m] Started System Logging Service.
[[0;32m  OK  [0m] Started OpenBSD Secure Shell server.
[[0;32m  OK  [0m] Started Snappy daemon.
[[0;32m  OK  [0m] Started /etc/rc.local Compatibility.
[[0;32m  OK  [0m] Started Apply the settings specified in cloud-config.
[[0;32m  OK  [0m] Started LXD - container startup/shutdown.
[[0;32m  OK  [0m] Started Login to default iSCSI targets.
[[0;32m  OK  [0m] Started LSB: MD monitoring daemon.
[[0;32m  OK  [0m] Started LSB: Record successful boot for GRUB.
[[0;32m  OK  [0m] Started Login Service.
         Starting Authenticate and Authorize Users to Run Privileged Tasks...
[[0;32m  OK  [0m] Reached target Remote File Systems (Pre).
[[0;32m  OK  [0m] Reached target Remote File Systems.
         Starting LSB: Controls chronyd NTP time daemon...
         Starting LSB: automatic crash report generation...
         Starting LSB: Set the CPU Frequency Scaling governor to "ondemand"...
         Starting LSB: daemon to balance interrupts for SMP systems...
         Starting Permit User Sessions...
         Starting Wait until snapd is fully seeded...
[[0;32m  OK  [0m] Started Virtualbox guest utils.
[[0;32m  OK  [0m] Started The Marionette Collective.
[[0;32m  OK  [0m] Started Permit User Sessions.
[[0;32m  OK  [0m] Started Wait until snapd is fully seeded.
[[0;32m  OK  [0m] Started Authenticate and Authorize Users to Run Privileged Tasks.
[[0;32m  OK  [0m] Started Accounts Service.
[[0;32m  OK  [0m] Started LSB: Set the CPU Frequency Scaling governor to "ondemand".
[[0;32m  OK  [0m] Started LSB: automatic crash report generation.
[[0;32m  OK  [0m] Started LSB: daemon to balance interrupts for SMP systems.
         Starting Hold until boot process finishes up...
         Starting Terminate Plymouth Boot Screen...
[[0;32m  OK  [0m] Started Hold until boot process finishes up.
[[0;32m  OK  [0m] Started Terminate Plymouth Boot Screen.
         Starting Set console scheme...
[[0;32m  OK  [0m] Started Serial Getty on ttyS0.
[[0;32m  OK  [0m] Started Getty on tty1.
[[0;32m  OK  [0m] Reached target Login Prompts.
[[0;32m  OK  [0m] Started Set console scheme.
[[0;32m  OK  [0m] Started LSB: Controls chronyd NTP time daemon.

Ubuntu 16.04.4 LTS puppet-master ttyS0

puppet-master login: [   71.282820] cloud-init[1576]: Cloud-init v. 18.2 running 'modules:final' at Mon, 02 Jul 2018 15:51:10 +0000. Up 71.16 seconds.
[   71.283137] cloud-init[1576]: Cloud-init v. 18.2 finished at Mon, 02 Jul 2018 15:51:10 +0000. Datasource DataSourceNoCloud [seed=/dev/sdb][dsmode=net].  Up 71.27 seconds
